2014-05-11 04:43:18,907 - sauce_connect:0 - INFO - Tunnel host version: 0.1.0, remote endpoint ID: e1f4f378392e4098b5bd9c58fec7989c
2014-05-11 04:43:19,125 - sauce_connect:0 - INFO - disconnected from Sauce Connect server
2014-05-11 04:43:19,127 - sauce_connect:0 - INFO - connection to Sauce Connect server closed
2014-05-11 04:43:20,000 - sauce_connect:0 - INFO - old keepalive timer shutting down
2014-05-11 04:43:20,709 - sauce_connect:0 - INFO - Successful handshake with Sauce Connect server
2014-05-11 04:43:20,709 - sauce_connect:0 - INFO - Tunnel host version: 0.1.0, remote endpoint ID: e1f4f378392e4098b5bd9c58fec7989c
2014-05-11 04:43:20,859 - sauce_connect:0 - INFO - disconnected from Sauce Connect server
2014-05-11 04:43:20,862 - sauce_connect:0 - INFO - connection to Sauce Connect server closed
2014-05-11 04:43:21,709 - sauce_connect:0 - INFO - old keepalive timer shutting down
2014-05-11 04:43:22,380 - sauce_connect:0 - INFO - Successful handshake with Sauce Connect server
2014-05-11 04:43:22,381 - sauce_connect:0 - INFO - Tunnel host version: 0.1.0, remote endpoint ID: e1f4f378392e4098b5bd9c58fec7989c
2014-05-11 04:43:22,559 - sauce_connect:0 - INFO - disconnected from Sauce Connect server
2014-05-11 04:43:22,571 - sauce_connect:0 - INFO - connection to Sauce Connect server closed
2014-05-11 04:43:23,381 - sauce_connect:0 - INFO - old keepalive timer shutting down
2014-05-11 04:43:24,075 - sauce_connect:0 - INFO - Successful handshake with Sauce Connect server
2014-05-11 04:43:24,072 - sauce_connect:0 - INFO - Tunnel host version: 0.1.0, remote endpoint ID: e1f4f378392e4098b5bd9c58fec7989c
2014-05-11 04:43:24,250 - sauce_connect:0 - INFO - disconnected from Sauce Connect server
2014-05-11 04:43:24,259 - sauce_connect:0 - INFO - connection to Sauce Connect server closed
2014-05-11 04:43:25,096 - sauce_connect:0 - INFO - old keepalive timer shutting down
2014-05-11 04:43:25,756 - sauce_connect:0 - INFO - Successful handshake with Sauce Connect server
2014-05-11 04:43:25,759 - sauce_connect:0 - INFO - Tunnel host version: 0.1.0, remote endpoint ID: e1f4f378392e4098b5bd9c58fec7989c
2014-05-11 04:43:25,927 - sauce_connect:0 - INFO - disconnected from Sauce Connect server
2014-05-11 04:43:25,928 - sauce_connect:0 - INFO - connection to Sauce Connect server closed
2014-05-11 04:43:26,763 - sauce_connect:0 - INFO - old keepalive timer shutting down
2014-05-11 04:43:27,453 - sauce_connect:0 - INFO - Tunnel host version: 0.1.0, remote endpoint ID: e1f4f378392e4098b5bd9c58fec7989c
2014-05-11 04:43:27,451 - sauce_connect:0 - INFO - Successful handshake with Sauce Connect server
2014-05-11 04:43:27,630 - sauce_connect:0 - INFO - disconnected from Sauce Connect server
2014-05-11 04:43:27,634 - sauce_connect:0 - INFO - connection to Sauce Connect server closed
2014-05-11 04:43:28,466 - sauce_connect:0 - INFO - old keepalive timer shutting down
2014-05-11 04:43:29,230 - sauce_connect:0 - INFO - Successful handshake with Sauce Connect server
2014-05-11 04:43:29,232 - sauce_connect:0 - INFO - Tunnel host version: 0.1.0, remote endpoint ID: e1f4f378392e4098b5bd9c58fec7989c
2014-05-11 04:43:29,411 - sauce_connect:0 - INFO - disconnected from Sauce Connect server
2014-05-11 04:43:29,417 - sauce_connect:0 - INFO - connection to Sauce Connect server closed
2014-05-11 04:43:30,232 - sauce_connect:0 - INFO - old keepalive timer shutting down
2014-05-11 04:43:30,943 - sauce_connect:0 - INFO - Successful handshake with Sauce Connect server
2014-05-11 04:43:30,944 - sauce_connect:0 - INFO - Tunnel host version: 0.1.0, remote endpoint ID: e1f4f378392e4098b5bd9c58fec7989c
2014-05-11 04:43:31,124 - sauce_connect:0 - INFO - disconnected from Sauce Connect server
2014-05-11 04:43:31,125 - sauce_connect:0 - INFO - connection to Sauce Connect server closed
2014-05-11 04:43:31,943 - sauce_connect:0 - INFO - old keepalive timer shutting down
2014-05-11 04:43:32,654 - sauce_connect:0 - INFO - Successful handshake with Sauce Connect server
2014-05-11 04:43:32,660 - sauce_connect:0 - INFO - Tunnel host version: 0.1.0, remote endpoint ID: e1f4f378392e4098b5bd9c58fec7989c
2014-05-11 04:43:32,832 - sauce_connect:0 - INFO - disconnected from Sauce Connect server
2014-05-11 04:43:32,832 - sauce_connect:0 - INFO - connection to Sauce Connect server closed
2014-05-11 04:43:33,661 - sauce_connect:0 - INFO - old keepalive timer shutting down
2014-05-11 04:43:34,358 - sauce_connect:0 - INFO - Tunnel host version: 0.1.0, remote endpoint ID: e1f4f378392e4098b5bd9c58fec7989c
2014-05-11 04:43:34,358 - sauce_connect:0 - INFO - Successful handshake with Sauce Connect server
2014-05-11 04:43:34,533 - sauce_connect:0 - INFO - disconnected from Sauce Connect server
2014-05-11 04:43:34,536 - sauce_connect:0 - INFO - connection to Sauce Connect server closed
2014-05-11 04:43:35,361 - sauce_connect:0 - INFO - old keepalive timer shutting down
2014-05-11 04:43:36,068 - sauce_connect:0 - INFO - Successful handshake with Sauce Connect server
2014-05-11 04:43:36,069 - sauce_connect:0 - INFO - Tunnel host version: 0.1.0, remote endpoint ID: e1f4f378392e4098b5bd9c58fec7989c
2014-05-11 04:43:36,246 - sauce_connect:0 - INFO - disconnected from Sauce Connect server
2014-05-11 04:43:36,250 - sauce_connect:0 - INFO - connection to Sauce Connect server closed
2014-05-11 04:43:37,066 - sauce_connect:0 - INFO - old keepalive timer shutting down
2014-05-11 04:43:37,747 - sauce_connect:0 - INFO - Successful handshake with Sauce Connect server
2014-05-11 04:43:37,747 - sauce_connect:0 - INFO - Tunnel host version: 0.1.0, remote endpoint ID: e1f4f378392e4098b5bd9c58fec7989c
2014-05-11 04:43:37,923 - sauce_connect:0 - INFO - disconnected from Sauce Connect server
2014-05-11 04:43:37,924 - sauce_connect:0 - INFO - connection to Sauce Connect server closed
2014-05-11 04:43:38,756 - sauce_connect:0 - INFO - old keepalive timer shutting down
2014-05-11 04:43:39,450 - sauce_connect:0 - INFO - Successful handshake with Sauce Connect server
2014-05-11 04:43:40,009 - sauce_connect:0 - INFO - Tunnel host version: 0.1.0, remote endpoint ID: e1f4f378392e4098b5bd9c58fec7989c
2014-05-11 04:43:40,105 - sauce_connect:0 - INFO - disconnected from Sauce Connect server
2014-05-11 04:43:40,108 - sauce_connect:0 - INFO - connection to Sauce Connect server closed
2014-05-11 04:43:40,450 - sauce_connect:0 - INFO - old keepalive timer shutting down
2014-05-11 04:43:41,651 - sauce_connect:0 - INFO - Successful handshake with Sauce Connect server
2014-05-11 04:43:41,651 - sauce_connect:0 - INFO - Tunnel host version: 0.1.0, remote endpoint ID: e1f4f378392e4098b5bd9c58fec7989c
2014-05-11 04:43:41,826 - sauce_connect:0 - INFO - disconnected from Sauce Connect server
2014-05-11 04:43:41,828 - sauce_connect:0 - INFO - connection to Sauce Connect server closed
2014-05-11 04:43:42,654 - sauce_connect:0 - INFO - old keepalive timer shutting down
2014-05-11 04:43:43,358 - sauce_connect:0 - INFO - Successful handshake with Sauce Connect server
2014-05-11 04:43:43,358 - sauce_connect:0 - INFO - Tunnel host version: 0.1.0, remote endpoint ID: e1f4f378392e4098b5bd9c58fec7989c
2014-05-11 04:43:43,539 - sauce_connect:0 - INFO - disconnected from Sauce Connect server
2014-05-11 04:43:43,549 - sauce_connect:0 - INFO - connection to Sauce Connect server closed
2014-05-11 04:43:44,361 - sauce_connect:0 - INFO - old keepalive timer shutting down
2014-05-11 04:43:45,048 - sauce_connect:0 - INFO - Successful handshake with Sauce Connect server
2014-05-11 04:43:45,048 - sauce_connect:0 - INFO - Tunnel host version: 0.1.0, remote endpoint ID: e1f4f378392e4098b5bd9c58fec7989c
2014-05-11 04:43:45,233 - sauce_connect:0 - INFO - disconnected from Sauce Connect server
2014-05-11 04:43:45,240 - sauce_connect:0 - INFO - connection to Sauce Connect server closed
2014-05-11 04:43:46,055 - sauce_connect:0 - INFO - old keepalive timer shutting down
2014-05-11 04:43:46,762 - sauce_connect:0 - INFO - Successful handshake with Sauce Connect server
2014-05-11 04:43:46,763 - sauce_connect:0 - INFO - Tunnel host version: 0.1.0, remote endpoint ID: e1f4f378392e4098b5bd9c58fec7989c
2014-05-11 04:43:46,937 - sauce_connect:0 - INFO - disconnected from Sauce Connect server
2014-05-11 04:43:46,940 - sauce_connect:0 - INFO - connection to Sauce Connect server closed
2014-05-11 04:43:47,769 - sauce_connect:0 - INFO - old keepalive timer shutting down
2014-05-11 04:43:48,469 - sauce_connect:0 - INFO - Successful handshake with Sauce Connect server
2014-05-11 04:43:48,469 - sauce_connect:0 - INFO - Tunnel host version: 0.1.0, remote endpoint ID: e1f4f378392e4098b5bd9c58fec7989c
2014-05-11 04:43:48,651 - sauce_connect:0 - INFO - disconnected from Sauce Connect server
2014-05-11 04:43:48,654 - sauce_connect:0 - INFO - connection to Sauce Connect server closed
2014-05-11 04:43:49,471 - sauce_connect:0 - INFO - old keepalive timer shutting down
2014-05-11 04:43:50,142 - sauce_connect:0 - INFO - Successful handshake with Sauce Connect server
2014-05-11 04:43:50,142 - sauce_connect:0 - INFO - Tunnel host version: 0.1.0, remote endpoint ID: e1f4f378392e4098b5bd9c58fec7989c
2014-05-11 04:43:50,321 - sauce_connect:0 - INFO - disconnected from Sauce Connect server
2014-05-11 04:43:50,336 - sauce_connect:0 - INFO - connection to Sauce Connect server closed
2014-05-11 04:43:51,150 - sauce_connect:0 - INFO - old keepalive timer shutting down
2014-05-11 04:43:51,865 - sauce_connect:0 - INFO - Successful handshake with Sauce Connect server
2014-05-11 04:43:51,869 - sauce_connect:0 - INFO - Tunnel host version: 0.1.0, remote endpoint ID: e1f4f378392e4098b5bd9c58fec7989c
2014-05-11 04:43:52,040 - sauce_connect:0 - INFO - disconnected from Sauce Connect server
2014-05-11 04:43:52,049 - sauce_connect:0 - INFO - connection to Sauce Connect server closed
2014-05-11 04:43:52,865 - sauce_connect:0 - INFO - old keepalive timer shutting down
2014-05-11 04:43:53,529 - sauce_connect:0 - INFO - Successful handshake with Sauce Connect server
2014-05-11 04:43:53,532 - sauce_connect:0 - INFO - Tunnel host version: 0.1.0, remote endpoint ID: e1f4f378392e4098b5bd9c58fec7989c
2014-05-11 04:43:53,713 - sauce_connect:0 - INFO - disconnected from Sauce Connect server
2014-05-11 04:43:53,716 - sauce_connect:0 - INFO - connection to Sauce Connect server closed
2014-05-11 04:43:54,542 - sauce_connect:0 - INFO - old keepalive timer shutting down
2014-05-11 04:43:55,230 - sauce_connect:0 - INFO - Tunnel host version: 0.1.0, remote endpoint ID: e1f4f378392e4098b5bd9c58fec7989c
2014-05-11 04:43:55,233 - sauce_connect:0 - INFO - Successful handshake with Sauce Connect server
2014-05-11 04:43:55,407 - sauce_connect:0 - INFO - disconnected from Sauce Connect server
2014-05-11 04:43:55,410 - sauce_connect:0 - INFO - connection to Sauce Connect server closed
2014-05-11 04:43:56,243 - sauce_connect:0 - INFO - old keepalive timer shutting down
2014-05-11 04:43:56,947 - sauce_connect:0 - INFO - Successful handshake with Sauce Connect server
2014-05-11 04:43:56,950 - sauce_connect:0 - INFO - Tunnel host version: 0.1.0, remote endpoint ID: e1f4f378392e4098b5bd9c58fec7989c
2014-05-11 04:43:57,122 - sauce_connect:0 - INFO - disconnected from Sauce Connect server
2014-05-11 04:43:57,125 - sauce_connect:0 - INFO - connection to Sauce Connect server closed
2014-05-11 04:43:57,954 - sauce_connect:0 - INFO - old keepalive timer shutting down
2014-05-11 04:43:58,739 - sauce_connect:0 - INFO - Successful handshake with Sauce Connect server
2014-05-11 04:43:58,750 - sauce_connect:0 - INFO - Tunnel host version: 0.1.0, remote endpoint ID: e1f4f378392e4098b5bd9c58fec7989c
2014-05-11 04:43:58,914 - sauce_connect:0 - INFO - disconnected from Sauce Connect server
2014-05-11 04:43:58,915 - sauce_connect:0 - INFO - connection to Sauce Connect server closed
2014-05-11 04:43:59,753 - sauce_connect:0 - INFO - old keepalive timer shutting down
2014-05-11 04:44:00,476 - sauce_connect:0 - INFO - Successful handshake with Sauce Connect server
2014-05-11 04:44:00,479 - sauce_connect:0 - INFO - Tunnel host version: 0.1.0, remote endpoint ID: e1f4f378392e4098b5bd9c58fec7989c
2014-05-11 04:44:00,654 - sauce_connect:0 - INFO - disconnected from Sauce Connect server
2014-05-11 04:44:00,661 - sauce_connect:0 - INFO - connection to Sauce Connect server closed
2014-05-11 04:44:01,477 - sauce_connect:0 - INFO - old keepalive timer shutting down
2014-05-11 04:44:02,163 - sauce_connect:0 - INFO - Successful handshake with Sauce Connect server
2014-05-11 04:44:02,164 - sauce_connect:0 - INFO - Tunnel host version: 0.1.0, remote endpoint ID: e1f4f378392e4098b5bd9c58fec7989c
2014-05-11 04:44:02,338 - sauce_connect:0 - INFO - disconnected from Sauce Connect server
2014-05-11 04:44:02,338 - sauce_connect:0 - INFO - connection to Sauce Connect server closed
2014-05-11 04:44:03,165 - sauce_connect:0 - INFO - old keepalive timer shutting down
2014-05-11 04:44:03,871 - sauce_connect:0 - INFO - Successful handshake with Sauce Connect server
2014-05-11 04:44:03,871 - sauce_connect:0 - INFO - Tunnel host version: 0.1.0, remote endpoint ID: e1f4f378392e4098b5bd9c58fec7989c
2014-05-11 04:44:04,049 - sauce_connect:0 - INFO - disconnected from Sauce Connect server
2014-05-11 04:44:04,055 - sauce_connect:0 - INFO - connection to Sauce Connect server closed
2014-05-11 04:44:04,871 - sauce_connect:0 - INFO - old keepalive timer shutting down
2014-05-11 04:44:05,611 - sauce_connect:0 - INFO - Successful handshake with Sauce Connect server
2014-05-11 04:44:05,611 - sauce_connect:0 - INFO - Tunnel host version: 0.1.0, remote endpoint ID: e1f4f378392e4098b5bd9c58fec7989c
2014-05-11 04:44:05,788 - sauce_connect:0 - INFO - disconnected from Sauce Connect server
2014-05-11 04:44:05,796 - sauce_connect:0 - INFO - connection to Sauce Connect server closed
2014-05-11 04:44:06,621 - sauce_connect:0 - INFO - old keepalive timer shutting down
2014-05-11 04:44:07,384 - sauce_connect:0 - INFO - Successful handshake with Sauce Connect server
2014-05-11 04:44:07,385 - sauce_connect:0 - INFO - Tunnel host version: 0.1.0, remote endpoint ID: e1f4f378392e4098b5bd9c58fec7989c
2014-05-11 04:44:07,565 - sauce_connect:0 - INFO - disconnected from Sauce Connect server
2014-05-11 04:44:07,566 - sauce_connect:0 - INFO - connection to Sauce Connect server closed
2014-05-11 04:44:08,384 - sauce_connect:0 - INFO - old keepalive timer shutting down
2014-05-11 04:44:09,065 - sauce_connect:0 - INFO - Successful handshake with Sauce Connect server
2014-05-11 04:44:09,069 - sauce_connect:0 - INFO - Tunnel host version: 0.1.0, remote endpoint ID: e1f4f378392e4098b5bd9c58fec7989c
2014-05-11 04:44:09,253 - sauce_connect:0 - INFO - disconnected from Sauce Connect server
2014-05-11 04:44:09,255 - sauce_connect:0 - INFO - connection to Sauce Connect server closed
2014-05-11 04:44:10,069 - sauce_connect:0 - INFO - old keepalive timer shutting down
2014-05-11 04:44:10,746 - sauce_connect:0 - INFO - Successful handshake with Sauce Connect server
2014-05-11 04:44:10,746 - sauce_connect:0 - INFO - Tunnel host version: 0.1.0, remote endpoint ID: e1f4f378392e4098b5bd9c58fec7989c
2014-05-11 04:44:10,918 - sauce_connect:0 - INFO - disconnected from Sauce Connect server
2014-05-11 04:44:10,930 - sauce_connect:0 - INFO - connection to Sauce Connect server closed
2014-05-11 04:44:11,746 - sauce_connect:0 - INFO - old keepalive timer shutting down
2014-05-11 04:44:12,460 - sauce_connect:0 - INFO - Successful handshake with Sauce Connect server
2014-05-11 04:44:12,460 - sauce_connect:0 - INFO - Tunnel host version: 0.1.0, remote endpoint ID: e1f4f378392e4098b5bd9c58fec7989c
2014-05-11 04:44:12,635 - sauce_connect:0 - INFO - disconnected from Sauce Connect server
2014-05-11 04:44:12,642 - sauce_connect:0 - INFO - connection to Sauce Connect server closed
2014-05-11 04:44:13,460 - sauce_connect:0 - INFO - old keepalive timer shutting down
2014-05-11 04:44:14,125 - sauce_connect:0 - INFO - Successful handshake with Sauce Connect server
2014-05-11 04:44:14,125 - sauce_connect:0 - INFO - Tunnel host version: 0.1.0, remote endpoint ID: e1f4f378392e4098b5bd9c58fec7989c
2014-05-11 04:44:14,309 - sauce_connect:0 - INFO - disconnected from Sauce Connect server
2014-05-11 04:44:14,312 - sauce_connect:0 - INFO - connection to Sauce Connect server closed
2014-05-11 04:44:15,125 - sauce_connect:0 - INFO - old keepalive timer shutting down
2014-05-11 04:44:15,835 - sauce_connect:0 - INFO - Successful handshake with Sauce Connect server
2014-05-11 04:44:15,835 - sauce_connect:0 - INFO - Tunnel host version: 0.1.0, remote endpoint ID: e1f4f378392e4098b5bd9c58fec7989c
2014-05-11 04:44:16,012 - sauce_connect:0 - INFO - disconnected from Sauce Connect server
2014-05-11 04:44:16,019 - sauce_connect:0 - INFO - connection to Sauce Connect server closed
2014-05-11 04:44:16,836 - sauce_connect:0 - INFO - old keepalive timer shutting down
2014-05-11 04:44:17,532 - sauce_connect:0 - INFO - Successful handshake with Sauce Connect server
2014-05-11 04:44:17,535 - sauce_connect:0 - INFO - Tunnel host version: 0.1.0, remote endpoint ID: e1f4f378392e4098b5bd9c58fec7989c
2014-05-11 04:44:17,707 - sauce_connect:0 - INFO - disconnected from Sauce Connect server
2014-05-11 04:44:17,707 - sauce_connect:0 - INFO - connection to Sauce Connect server closed
2014-05-11 04:44:18,538 - sauce_connect:0 - INFO - old keepalive timer shutting down
2014-05-11 04:44:19,292 - sauce_connect:0 - INFO - Successful handshake with Sauce Connect server
2014-05-11 04:44:19,292 - sauce_connect:0 - INFO - Tunnel host version: 0.1.0, remote endpoint ID: e1f4f378392e4098b5bd9c58fec7989c
2014-05-11 04:44:19,470 - sauce_connect:0 - INFO - disconnected from Sauce Connect server
2014-05-11 04:44:19,471 - sauce_connect:0 - INFO - connection to Sauce Connect server closed
2014-05-11 04:44:20,302 - sauce_connect:0 - INFO - old keepalive timer shutting down
2014-05-11 04:44:20,953 - sauce_connect:0 - INFO - Successful handshake with Sauce Connect server
2014-05-11 04:44:20,953 - sauce_connect:0 - INFO - Tunnel host version: 0.1.0, remote endpoint ID: e1f4f378392e4098b5bd9c58fec7989c
2014-05-11 04:44:21,128 - sauce_connect:0 - INFO - disconnected from Sauce Connect server
2014-05-11 04:44:21,132 - sauce_connect:0 - INFO - connection to Sauce Connect server closed
2014-05-11 04:44:21,953 - sauce_connect:0 - INFO - old keepalive timer shutting down
2014-05-11 04:44:22,628 - sauce_connect:0 - INFO - Successful handshake with Sauce Connect server
2014-05-11 04:44:22,628 - sauce_connect:0 - INFO - Tunnel host version: 0.1.0, remote endpoint ID: e1f4f378392e4098b5bd9c58fec7989c
2014-05-11 04:44:22,802 - sauce_connect:0 - INFO - disconnected from Sauce Connect server
2014-05-11 04:44:22,803 - sauce_connect:0 - INFO - connection to Sauce Connect server closed
2014-05-11 04:44:23,628 - sauce_connect:0 - INFO - old keepalive timer shutting down
2014-05-11 04:44:24,354 - sauce_connect:0 - INFO - Successful handshake with Sauce Connect server
2014-05-11 04:44:24,367 - sauce_connect:0 - INFO - Tunnel host version: 0.1.0, remote endpoint ID: e1f4f378392e4098b5bd9c58fec7989c
2014-05-11 04:44:24,543 - sauce_connect:0 - INFO - disconnected from Sauce Connect server
2014-05-11 04:44:24,546 - sauce_connect:0 - INFO - connection to Sauce Connect server closed
2014-05-11 04:44:25,354 - sauce_connect:0 - INFO - old keepalive timer shutting down
2014-05-11 04:44:26,065 - sauce_connect:0 - INFO - Successful handshake with Sauce Connect server
2014-05-11 04:44:26,066 - sauce_connect:0 - INFO - Tunnel host version: 0.1.0, remote endpoint ID: e1f4f378392e4098b5bd9c58fec7989c
2014-05-11 04:44:26,244 - sauce_connect:0 - INFO - disconnected from Sauce Connect server
2014-05-11 04:44:26,249 - sauce_connect:0 - INFO - connection to Sauce Connect server closed
2014-05-11 04:44:27,069 - sauce_connect:0 - INFO - old keepalive timer shutting down
2014-05-11 04:44:27,841 - sauce_connect:0 - INFO - Successful handshake with Sauce Connect server
2014-05-11 04:44:27,841 - sauce_connect:0 - INFO - Tunnel host version: 0.1.0, remote endpoint ID: e1f4f378392e4098b5bd9c58fec7989c
2014-05-11 04:44:28,015 - sauce_connect:0 - INFO - disconnected from Sauce Connect server
2014-05-11 04:44:28,016 - sauce_connect:0 - INFO - connection to Sauce Connect server closed
2014-05-11 04:44:28,842 - sauce_connect:0 - INFO - old keepalive timer shutting down
2014-05-11 04:44:29,559 - sauce_connect:0 - INFO - Successful handshake with Sauce Connect server
2014-05-11 04:44:29,559 - sauce_connect:0 - INFO - Tunnel host version: 0.1.0, remote endpoint ID: e1f4f378392e4098b5bd9c58fec7989c
2014-05-11 04:44:29,740 - sauce_connect:0 - INFO - disconnected from Sauce Connect server
2014-05-11 04:44:29,743 - sauce_connect:0 - INFO - connection to Sauce Connect server closed
2014-05-11 04:44:30,569 - sauce_connect:0 - INFO - old keepalive timer shutting down
2014-05-11 04:44:31,244 - sauce_connect:0 - INFO - Successful handshake with Sauce Connect server
2014-05-11 04:44:31,246 - sauce_connect:0 - INFO - Tunnel host version: 0.1.0, remote endpoint ID: e1f4f378392e4098b5bd9c58fec7989c
2014-05-11 04:44:31,421 - sauce_connect:0 - INFO - disconnected from Sauce Connect server
2014-05-11 04:44:31,430 - sauce_connect:0 - INFO - connection to Sauce Connect server closed
2014-05-11 04:44:32,246 - sauce_connect:0 - INFO - old keepalive timer shutting down
2014-05-11 04:44:32,954 - sauce_connect:0 - INFO - Successful handshake with Sauce Connect server
2014-05-11 04:44:32,956 - sauce_connect:0 - INFO - Tunnel host version: 0.1.0, remote endpoint ID: e1f4f378392e4098b5bd9c58fec7989c
2014-05-11 04:44:33,575 - sauce_connect:0 - INFO - disconnected from Sauce Connect server
2014-05-11 04:44:33,582 - sauce_connect:0 - INFO - connection to Sauce Connect server closed
2014-05-11 04:44:34,474 - sauce_connect:0 - INFO - old keepalive timer shutting down
2014-05-11 04:44:35,052 - sauce_connect:0 - INFO - Successful handshake with Sauce Connect server
2014-05-11 04:44:35,053 - sauce_connect:0 - INFO - Tunnel host version: 0.1.0, remote endpoint ID: e1f4f378392e4098b5bd9c58fec7989c
2014-05-11 04:44:35,234 - sauce_connect:0 - INFO - disconnected from Sauce Connect server
2014-05-11 04:44:35,236 - sauce_connect:0 - INFO - connection to Sauce Connect server closed
2014-05-11 04:44:36,051 - sauce_connect:0 - INFO - old keepalive timer shutting down
2014-05-11 04:44:36,713 - sauce_connect:0 - INFO - Tunnel host version: 0.1.0, remote endpoint ID: e1f4f378392e4098b5bd9c58fec7989c
2014-05-11 04:44:36,713 - sauce_connect:0 - INFO - Successful handshake with Sauce Connect server
2014-05-11 04:44:36,881 - sauce_connect:0 - INFO - disconnected from Sauce Connect server
2014-05-11 04:44:36,885 - sauce_connect:0 - INFO - connection to Sauce Connect server closed
2014-05-11 04:44:37,717 - sauce_connect:0 - INFO - old keepalive timer shutting down
2014-05-11 04:44:38,453 - sauce_connect:0 - INFO - Successful handshake with Sauce Connect server
2014-05-11 04:44:38,454 - sauce_connect:0 - INFO - Tunnel host version: 0.1.0, remote endpoint ID: e1f4f378392e4098b5bd9c58fec7989c
2014-05-11 04:44:38,641 - sauce_connect:0 - INFO - disconnected from Sauce Connect server
2014-05-11 04:44:38,641 - sauce_connect:0 - INFO - connection to Sauce Connect server closed
2014-05-11 04:44:39,457 - sauce_connect:0 - INFO - old keepalive timer shutting down
2014-05-11 04:44:40,151 - sauce_connect:0 - INFO - Successful handshake with Sauce Connect server
2014-05-11 04:44:40,148 - sauce_connect:0 - INFO - Tunnel host version: 0.1.0, remote endpoint ID: e1f4f378392e4098b5bd9c58fec7989c
2014-05-11 04:44:40,325 - sauce_connect:0 - INFO - disconnected from Sauce Connect server
2014-05-11 04:44:40,335 - sauce_connect:0 - INFO - connection to Sauce Connect server closed
2014-05-11 04:44:41,153 - sauce_connect:0 - INFO - old keepalive timer shutting down
2014-05-11 04:44:41,864 - sauce_connect:0 - INFO - Successful handshake with Sauce Connect server
2014-05-11 04:44:41,864 - sauce_connect:0 - INFO - Tunnel host version: 0.1.0, remote endpoint ID: e1f4f378392e4098b5bd9c58fec7989c
2014-05-11 04:44:42,046 - sauce_connect:0 - INFO - disconnected from Sauce Connect server
2014-05-11 04:44:42,049 - sauce_connect:0 - INFO - connection to Sauce Connect server closed
2014-05-11 04:44:42,864 - sauce_connect:0 - INFO - old keepalive timer shutting down
2014-05-11 04:44:43,552 - sauce_connect:0 - INFO - Successful handshake with Sauce Connect server
2014-05-11 04:44:43,552 - sauce_connect:0 - INFO - Tunnel host version: 0.1.0, remote endpoint ID: e1f4f378392e4098b5bd9c58fec7989c
2014-05-11 04:44:43,733 - sauce_connect:0 - INFO - disconnected from Sauce Connect server
2014-05-11 04:44:43,736 - sauce_connect:0 - INFO - connection to Sauce Connect server closed
2014-05-11 04:44:44,552 - sauce_connect:0 - INFO - old keepalive timer shutting down
2014-05-11 04:44:45,250 - sauce_connect:0 - INFO - Successful handshake with Sauce Connect server
2014-05-11 04:44:45,255 - sauce_connect:0 - INFO - Tunnel host version: 0.1.0, remote endpoint ID: e1f4f378392e4098b5bd9c58fec7989c
2014-05-11 04:44:45,426 - sauce_connect:0 - INFO - disconnected from Sauce Connect server
2014-05-11 04:44:45,428 - sauce_connect:0 - INFO - connection to Sauce Connect server closed
2014-05-11 04:44:46,250 - sauce_connect:0 - INFO - old keepalive timer shutting down
2014-05-11 04:44:46,961 - sauce_connect:0 - INFO - Successful handshake with Sauce Connect server
2014-05-11 04:44:46,967 - sauce_connect:0 - INFO - Tunnel host version: 0.1.0, remote endpoint ID: e1f4f378392e4098b5bd9c58fec7989c
2014-05-11 04:44:47,154 - sauce_connect:0 - INFO - disconnected from Sauce Connect server
2014-05-11 04:44:47,161 - sauce_connect:0 - INFO - connection to Sauce Connect server closed
2014-05-11 04:44:47,973 - sauce_connect:0 - INFO - old keepalive timer shutting down
2014-05-11 04:44:48,654 - sauce_connect:0 - INFO - Successful handshake with Sauce Connect server
2014-05-11 04:44:48,658 - sauce_connect:0 - INFO - Tunnel host version: 0.1.0, remote endpoint ID: e1f4f378392e4098b5bd9c58fec7989c
2014-05-11 04:44:48,832 - sauce_connect:0 - INFO - disconnected from Sauce Connect server
2014-05-11 04:44:48,848 - sauce_connect:0 - INFO - connection to Sauce Connect server closed
2014-05-11 04:44:49,661 - sauce_connect:0 - INFO - old keepalive timer shutting down
2014-05-11 04:44:50,351 - sauce_connect:0 - INFO - Successful handshake with Sauce Connect server
2014-05-11 04:44:50,352 - sauce_connect:0 - INFO - Tunnel host version: 0.1.0, remote endpoint ID: e1f4f378392e4098b5bd9c58fec7989c
2014-05-11 04:44:50,535 - sauce_connect:0 - INFO - disconnected from Sauce Connect server
2014-05-11 04:44:50,539 - sauce_connect:0 - INFO - connection to Sauce Connect server closed
2014-05-11 04:44:51,362 - sauce_connect:0 - INFO - old keepalive timer shutting down
2014-05-11 04:44:52,078 - sauce_connect:0 - INFO - Successful handshake with Sauce Connect server
2014-05-11 04:44:52,078 - sauce_connect:0 - INFO - Tunnel host version: 0.1.0, remote endpoint ID: e1f4f378392e4098b5bd9c58fec7989c
2014-05-11 04:44:52,253 - sauce_connect:0 - INFO - disconnected from Sauce Connect server
2014-05-11 04:44:52,263 - sauce_connect:0 - INFO - connection to Sauce Connect server closed
2014-05-11 04:44:53,076 - sauce_connect:0 - INFO - old keepalive timer shutting down
2014-05-11 04:44:53,736 - sauce_connect:0 - INFO - Successful handshake with Sauce Connect server
2014-05-11 04:44:53,736 - sauce_connect:0 - INFO - Tunnel host version: 0.1.0, remote endpoint ID: e1f4f378392e4098b5bd9c58fec7989c
2014-05-11 04:44:53,911 - sauce_connect:0 - INFO - disconnected from Sauce Connect server
2014-05-11 04:44:53,917 - sauce_connect:0 - INFO - connection to Sauce Connect server closed
2014-05-11 04:44:54,742 - sauce_connect:0 - INFO - old keepalive timer shutting down
2014-05-11 04:44:55,459 - sauce_connect:0 - INFO - Successful handshake with Sauce Connect server
2014-05-11 04:44:55,460 - sauce_connect:0 - INFO - Tunnel host version: 0.1.0, remote endpoint ID: e1f4f378392e4098b5bd9c58fec7989c
2014-05-11 04:44:55,644 - sauce_connect:0 - INFO - disconnected from Sauce Connect server
2014-05-11 04:44:55,645 - sauce_connect:0 - INFO - connection to Sauce Connect server closed
2014-05-11 04:44:56,459 - sauce_connect:0 - INFO - old keepalive timer shutting down
2014-05-11 04:44:57,359 - sauce_connect:0 - INFO - Successful handshake with Sauce Connect server
2014-05-11 04:44:57,361 - sauce_connect:0 - INFO - Tunnel host version: 0.1.0, remote endpoint ID: e1f4f378392e4098b5bd9c58fec7989c
2014-05-11 04:44:57,542 - sauce_connect:0 - INFO - disconnected from Sauce Connect server
2014-05-11 04:44:57,546 - sauce_connect:0 - INFO - connection to Sauce Connect server closed
2014-05-11 04:44:58,358 - sauce_connect:0 - INFO - old keepalive timer shutting down
2014-05-11 04:44:59,051 - sauce_connect:0 - INFO - Successful handshake with Sauce Connect server
2014-05-11 04:44:59,051 - sauce_connect:0 - INFO - Tunnel host version: 0.1.0, remote endpoint ID: e1f4f378392e4098b5bd9c58fec7989c
2014-05-11 04:44:59,229 - sauce_connect:0 - INFO - disconnected from Sauce Connect server
2014-05-11 04:44:59,230 - sauce_connect:0 - INFO - connection to Sauce Connect server closed
2014-05-11 04:45:00,052 - sauce_connect:0 - INFO - old keepalive timer shutting down
2014-05-11 04:45:00,756 - sauce_connect:0 - INFO - Successful handshake with Sauce Connect server
2014-05-11 04:45:00,756 - sauce_connect:0 - INFO - Tunnel host version: 0.1.0, remote endpoint ID: e1f4f378392e4098b5bd9c58fec7989c
2014-05-11 04:45:00,943 - sauce_connect:0 - INFO - disconnected from Sauce Connect server
2014-05-11 04:45:00,953 - sauce_connect:0 - INFO - connection to Sauce Connect server closed
2014-05-11 04:45:01,757 - sauce_connect:0 - INFO - old keepalive timer shutting down
2014-05-11 04:45:02,430 - sauce_connect:0 - INFO - Successful handshake with Sauce Connect server
2014-05-11 04:45:02,430 - sauce_connect:0 - INFO - Tunnel host version: 0.1.0, remote endpoint ID: e1f4f378392e4098b5bd9c58fec7989c
2014-05-11 04:45:02,596 - sauce_connect:0 - INFO - disconnected from Sauce Connect server
2014-05-11 04:45:02,607 - sauce_connect:0 - INFO - connection to Sauce Connect server closed
2014-05-11 04:45:03,440 - sauce_connect:0 - INFO - old keepalive timer shutting down
2014-05-11 04:45:04,134 - sauce_connect:0 - INFO - Successful handshake with Sauce Connect server
2014-05-11 04:45:04,138 - sauce_connect:0 - INFO - Tunnel host version: 0.1.0, remote endpoint ID: e1f4f378392e4098b5bd9c58fec7989c
2014-05-11 04:45:04,326 - sauce_connect:0 - INFO - disconnected from Sauce Connect server
2014-05-11 04:45:04,328 - sauce_connect:0 - INFO - connection to Sauce Connect server closed
2014-05-11 04:45:05,140 - sauce_connect:0 - INFO - old keepalive timer shutting down
2014-05-11 04:45:05,831 - sauce_connect:0 - INFO - Tunnel host version: 0.1.0, remote endpoint ID: e1f4f378392e4098b5bd9c58fec7989c
2014-05-11 04:45:05,831 - sauce_connect:0 - INFO - Successful handshake with Sauce Connect server
2014-05-11 04:45:06,013 - sauce_connect:0 - INFO - disconnected from Sauce Connect server
2014-05-11 04:45:06,016 - sauce_connect:0 - INFO - connection to Sauce Connect server closed
2014-05-11 04:45:06,834 - sauce_connect:0 - INFO - old keepalive timer shutting down
2014-05-11 04:45:07,888 - sauce_connect:0 - INFO - Successful handshake with Sauce Connect server
2014-05-11 04:45:07,888 - sauce_connect:0 - INFO - Tunnel host version: 0.1.0, remote endpoint ID: e1f4f378392e4098b5bd9c58fec7989c
2014-05-11 04:45:08,269 - sauce_connect:0 - INFO - disconnected from Sauce Connect server
2014-05-11 04:45:08,272 - sauce_connect:0 - INFO - connection to Sauce Connect server closed
2014-05-11 04:45:08,887 - sauce_connect:0 - INFO - old keepalive timer shutting down
2014-05-11 04:45:10,046 - sauce_connect:0 - INFO - Successful handshake with Sauce Connect server
2014-05-11 04:45:10,046 - sauce_connect:0 - INFO - Tunnel host version: 0.1.0, remote endpoint ID: e1f4f378392e4098b5bd9c58fec7989c
2014-05-11 04:45:10,243 - sauce_connect:0 - INFO - disconnected from Sauce Connect server
2014-05-11 04:45:10,253 - sauce_connect:0 - INFO - connection to Sauce Connect server closed
2014-05-11 04:45:11,049 - sauce_connect:0 - INFO - old keepalive timer shutting down
2014-05-11 04:45:11,749 - sauce_connect:0 - INFO - Successful handshake with Sauce Connect server
2014-05-11 04:45:11,750 - sauce_connect:0 - INFO - Tunnel host version: 0.1.0, remote endpoint ID: e1f4f378392e4098b5bd9c58fec7989c
2014-05-11 04:45:11,928 - sauce_connect:0 - INFO - disconnected from Sauce Connect server
2014-05-11 04:45:11,931 - sauce_connect:0 - INFO - connection to Sauce Connect server closed
2014-05-11 04:45:12,770 - sauce_connect:0 - INFO - old keepalive timer shutting down
2014-05-11 04:45:13,440 - sauce_connect:0 - INFO - Successful handshake with Sauce Connect server
2014-05-11 04:45:13,440 - sauce_connect:0 - INFO - Tunnel host version: 0.1.0, remote endpoint ID: e1f4f378392e4098b5bd9c58fec7989c
2014-05-11 04:45:13,612 - sauce_connect:0 - INFO - disconnected from Sauce Connect server
2014-05-11 04:45:13,614 - sauce_connect:0 - INFO - connection to Sauce Connect server closed
2014-05-11 04:45:14,440 - sauce_connect:0 - INFO - old keepalive timer shutting down
2014-05-11 04:45:15,164 - sauce_connect:0 - INFO - Successful handshake with Sauce Connect server
2014-05-11 04:45:15,164 - sauce_connect:0 - INFO - Tunnel host version: 0.1.0, remote endpoint ID: e1f4f378392e4098b5bd9c58fec7989c
2014-05-11 04:45:15,335 - sauce_connect:0 - INFO - disconnected from Sauce Connect server
2014-05-11 04:45:15,338 - sauce_connect:0 - INFO - connection to Sauce Connect server closed
2014-05-11 04:45:16,171 - sauce_connect:0 - INFO - old keepalive timer shutting down
2014-05-11 04:45:16,858 - sauce_connect:0 - INFO - Successful handshake with Sauce Connect server
2014-05-11 04:45:16,858 - sauce_connect:0 - INFO - Tunnel host version: 0.1.0, remote endpoint ID: e1f4f378392e4098b5bd9c58fec7989c
2014-05-11 04:45:17,036 - sauce_connect:0 - INFO - disconnected from Sauce Connect server
2014-05-11 04:45:17,046 - sauce_connect:0 - INFO - connection to Sauce Connect server closed
2014-05-11 04:45:17,858 - sauce_connect:0 - INFO - old keepalive timer shutting down
2014-05-11 04:45:18,549 - sauce_connect:0 - INFO - Tunnel host version: 0.1.0, remote endpoint ID: e1f4f378392e4098b5bd9c58fec7989c
2014-05-11 04:45:18,549 - sauce_connect:0 - INFO - Successful handshake with Sauce Connect server
2014-05-11 04:45:18,730 - sauce_connect:0 - INFO - disconnected from Sauce Connect server
2014-05-11 04:45:18,732 - sauce_connect:0 - INFO - connection to Sauce Connect server closed
2014-05-11 04:45:19,552 - sauce_connect:0 - INFO - old keepalive timer shutting down
2014-05-11 04:45:20,240 - sauce_connect:0 - INFO - Tunnel host version: 0.1.0, remote endpoint ID: e1f4f378392e4098b5bd9c58fec7989c
2014-05-11 04:45:20,242 - sauce_connect:0 - INFO - Successful handshake with Sauce Connect server
2014-05-11 04:45:20,424 - sauce_connect:0 - INFO - disconnected from Sauce Connect server
2014-05-11 04:45:20,453 - sauce_connect:0 - INFO - connection to Sauce Connect server closed
2014-05-11 04:45:21,256 - sauce_connect:0 - INFO - old keepalive timer shutting down
2014-05-11 04:45:21,963 - sauce_connect:0 - INFO - Successful handshake with Sauce Connect server
2014-05-11 04:45:21,964 - sauce_connect:0 - INFO - Tunnel host version: 0.1.0, remote endpoint ID: e1f4f378392e4098b5bd9c58fec7989c
2014-05-11 04:45:22,140 - sauce_connect:0 - INFO - disconnected from Sauce Connect server
2014-05-11 04:45:22,141 - sauce_connect:0 - INFO - connection to Sauce Connect server closed
2014-05-11 04:45:22,967 - sauce_connect:0 - INFO - old keepalive timer shutting down
2014-05-11 04:45:23,651 - sauce_connect:0 - INFO - Successful handshake with Sauce Connect server
2014-05-11 04:45:23,651 - sauce_connect:0 - INFO - Tunnel host version: 0.1.0, remote endpoint ID: e1f4f378392e4098b5bd9c58fec7989c
2014-05-11 04:45:23,828 - sauce_connect:0 - INFO - disconnected from Sauce Connect server
2014-05-11 04:45:23,829 - sauce_connect:0 - INFO - connection to Sauce Connect server closed
2014-05-11 04:45:24,663 - sauce_connect:0 - INFO - old keepalive timer shutting down
2014-05-11 04:45:25,351 - sauce_connect:0 - INFO - Successful handshake with Sauce Connect server
2014-05-11 04:45:25,351 - sauce_connect:0 - INFO - Tunnel host version: 0.1.0, remote endpoint ID: e1f4f378392e4098b5bd9c58fec7989c
2014-05-11 04:45:25,532 - sauce_connect:0 - INFO - disconnected from Sauce Connect server
2014-05-11 04:45:25,538 - sauce_connect:0 - INFO - connection to Sauce Connect server closed
2014-05-11 04:45:26,351 - sauce_connect:0 - INFO - old keepalive timer shutting down
2014-05-11 04:45:27,151 - sauce_connect:0 - INFO - Tunnel host version: 0.1.0, remote endpoint ID: e1f4f378392e4098b5bd9c58fec7989c
2014-05-11 04:45:27,154 - sauce_connect:0 - INFO - Successful handshake with Sauce Connect server
2014-05-11 04:45:27,332 - sauce_connect:0 - INFO - disconnected from Sauce Connect server
2014-05-11 04:45:27,345 - sauce_connect:0 - INFO - connection to Sauce Connect server closed
2014-05-11 04:45:28,165 - sauce_connect:0 - INFO - old keepalive timer shutting down
2014-05-11 04:45:28,825 - sauce_connect:0 - INFO - Successful handshake with Sauce Connect server
2014-05-11 04:45:28,826 - sauce_connect:0 - INFO - Tunnel host version: 0.1.0, remote endpoint ID: e1f4f378392e4098b5bd9c58fec7989c
2014-05-11 04:45:29,003 - sauce_connect:0 - INFO - disconnected from Sauce Connect server
2014-05-11 04:45:29,003 - sauce_connect:0 - INFO - connection to Sauce Connect server closed
2014-05-11 04:45:29,828 - sauce_connect:0 - INFO - old keepalive timer shutting down
2014-05-11 04:45:30,849 - sauce_connect:0 - INFO - Successful handshake with Sauce Connect server
2014-05-11 04:45:30,849 - sauce_connect:0 - INFO - Tunnel host version: 0.1.0, remote endpoint ID: e1f4f378392e4098b5bd9c58fec7989c
2014-05-11 04:45:31,026 - sauce_connect:0 - INFO - disconnected from Sauce Connect server
2014-05-11 04:45:31,028 - sauce_connect:0 - INFO - connection to Sauce Connect server closed
2014-05-11 04:45:31,854 - sauce_connect:0 - INFO - old keepalive timer shutting down
2014-05-11 04:45:32,568 - sauce_connect:0 - INFO - Successful handshake with Sauce Connect server
2014-05-11 04:45:32,568 - sauce_connect:0 - INFO - Tunnel host version: 0.1.0, remote endpoint ID: e1f4f378392e4098b5bd9c58fec7989c
2014-05-11 04:45:32,747 - sauce_connect:0 - INFO - disconnected from Sauce Connect server
2014-05-11 04:45:32,753 - sauce_connect:0 - INFO - connection to Sauce Connect server closed
2014-05-11 04:45:33,568 - sauce_connect:0 - INFO - old keepalive timer shutting down
2014-05-11 04:45:34,226 - sauce_connect:0 - INFO - Tunnel host version: 0.1.0, remote endpoint ID: e1f4f378392e4098b5bd9c58fec7989c
2014-05-11 04:45:34,229 - sauce_connect:0 - INFO - Successful handshake with Sauce Connect server
2014-05-11 04:45:34,404 - sauce_connect:0 - INFO - disconnected from Sauce Connect server
2014-05-11 04:45:34,411 - sauce_connect:0 - INFO - connection to Sauce Connect server closed
2014-05-11 04:45:35,226 - sauce_connect:0 - INFO - old keepalive timer shutting down
2014-05-11 04:45:35,924 - sauce_connect:0 - INFO - Successful handshake with Sauce Connect server
2014-05-11 04:45:35,924 - sauce_connect:0 - INFO - Tunnel host version: 0.1.0, remote endpoint ID: e1f4f378392e4098b5bd9c58fec7989c
2014-05-11 04:45:36,099 - sauce_connect:0 - INFO - disconnected from Sauce Connect server
2014-05-11 04:45:36,101 - sauce_connect:0 - INFO - connection to Sauce Connect server closed
2014-05-11 04:45:36,927 - sauce_connect:0 - INFO - old keepalive timer shutting down
2014-05-11 04:45:37,664 - sauce_connect:0 - INFO - Successful handshake with Sauce Connect server
2014-05-11 04:45:37,665 - sauce_connect:0 - INFO - Tunnel host version: 0.1.0, remote endpoint ID: e1f4f378392e4098b5bd9c58fec7989c
2014-05-11 04:45:37,842 - sauce_connect:0 - INFO - disconnected from Sauce Connect server
2014-05-11 04:45:37,849 - sauce_connect:0 - INFO - connection to Sauce Connect server closed
2014-05-11 04:45:38,664 - sauce_connect:0 - INFO - old keepalive timer shutting down
2014-05-11 04:45:39,371 - sauce_connect:0 - INFO - Successful handshake with Sauce Connect server
2014-05-11 04:45:39,372 - sauce_connect:0 - INFO - Tunnel host version: 0.1.0, remote endpoint ID: e1f4f378392e4098b5bd9c58fec7989c
2014-05-11 04:45:39,549 - sauce_connect:0 - INFO - disconnected from Sauce Connect server
2014-05-11 04:45:39,551 - sauce_connect:0 - INFO - connection to Sauce Connect server closed
2014-05-11 04:45:40,371 - sauce_connect:0 - INFO - old keepalive timer shutting down
2014-05-11 04:45:41,058 - sauce_connect:0 - INFO - Successful handshake with Sauce Connect server
2014-05-11 04:45:41,059 - sauce_connect:0 - INFO - Tunnel host version: 0.1.0, remote endpoint ID: e1f4f378392e4098b5bd9c58fec7989c
2014-05-11 04:45:41,523 - sauce_connect:0 - INFO - disconnected from Sauce Connect server
2014-05-11 04:45:41,536 - sauce_connect:0 - INFO - connection to Sauce Connect server closed
2014-05-11 04:45:42,056 - sauce_connect:0 - INFO - old keepalive timer shutting down
2014-05-11 04:45:43,058 - sauce_connect:0 - INFO - Successful handshake with Sauce Connect server
2014-05-11 04:45:43,059 - sauce_connect:0 - INFO - Tunnel host version: 0.1.0, remote endpoint ID: e1f4f378392e4098b5bd9c58fec7989c
2014-05-11 04:45:43,233 - sauce_connect:0 - INFO - disconnected from Sauce Connect server
2014-05-11 04:45:43,243 - sauce_connect:0 - INFO - connection to Sauce Connect server closed
2014-05-11 04:45:44,059 - sauce_connect:0 - INFO - old keepalive timer shutting down
2014-05-11 04:45:44,750 - sauce_connect:0 - INFO - Successful handshake with Sauce Connect server
2014-05-11 04:45:44,753 - sauce_connect:0 - INFO - Tunnel host version: 0.1.0, remote endpoint ID: e1f4f378392e4098b5bd9c58fec7989c
2014-05-11 04:45:44,924 - sauce_connect:0 - INFO - disconnected from Sauce Connect server
2014-05-11 04:45:44,927 - sauce_connect:0 - INFO - connection to Sauce Connect server closed
2014-05-11 04:45:45,755 - sauce_connect:0 - INFO - old keepalive timer shutting down
2014-05-11 04:45:46,447 - sauce_connect:0 - INFO - Successful handshake with Sauce Connect server
2014-05-11 04:45:46,447 - sauce_connect:0 - INFO - Tunnel host version: 0.1.0, remote endpoint ID: e1f4f378392e4098b5bd9c58fec7989c
2014-05-11 04:45:46,625 - sauce_connect:0 - INFO - disconnected from Sauce Connect server
2014-05-11 04:45:46,627 - sauce_connect:0 - INFO - connection to Sauce Connect server closed
2014-05-11 04:45:47,447 - sauce_connect:0 - INFO - old keepalive timer shutting down
2014-05-11 04:45:48,144 - sauce_connect:0 - INFO - Successful handshake with Sauce Connect server
2014-05-11 04:45:48,145 - sauce_connect:0 - INFO - Tunnel host version: 0.1.0, remote endpoint ID: e1f4f378392e4098b5bd9c58fec7989c
2014-05-11 04:45:48,322 - sauce_connect:0 - INFO - disconnected from Sauce Connect server
2014-05-11 04:45:48,332 - sauce_connect:0 - INFO - connection to Sauce Connect server closed
2014-05-11 04:45:49,153 - sauce_connect:0 - INFO - old keepalive timer shutting down
2014-05-11 04:45:49,828 - sauce_connect:0 - INFO - Successful handshake with Sauce Connect server
2014-05-11 04:45:49,828 - sauce_connect:0 - INFO - Tunnel host version: 0.1.0, remote endpoint ID: e1f4f378392e4098b5bd9c58fec7989c
2014-05-11 04:45:50,003 - sauce_connect:0 - INFO - disconnected from Sauce Connect server
2014-05-11 04:45:50,005 - sauce_connect:0 - INFO - connection to Sauce Connect server closed
2014-05-11 04:45:50,831 - sauce_connect:0 - INFO - old keepalive timer shutting down
2014-05-11 04:45:51,552 - sauce_connect:0 - INFO - Successful handshake with Sauce Connect server
2014-05-11 04:45:51,555 - sauce_connect:0 - INFO - Tunnel host version: 0.1.0, remote endpoint ID: e1f4f378392e4098b5bd9c58fec7989c
2014-05-11 04:45:51,729 - sauce_connect:0 - INFO - disconnected from Sauce Connect server
2014-05-11 04:45:51,730 - sauce_connect:0 - INFO - connection to Sauce Connect server closed
2014-05-11 04:45:52,559 - sauce_connect:0 - INFO - old keepalive timer shutting down
2014-05-11 04:45:53,276 - sauce_connect:0 - INFO - Successful handshake with Sauce Connect server
2014-05-11 04:45:53,278 - sauce_connect:0 - INFO - Tunnel host version: 0.1.0, remote endpoint ID: e1f4f378392e4098b5bd9c58fec7989c
2014-05-11 04:45:53,454 - sauce_connect:0 - INFO - disconnected from Sauce Connect server
2014-05-11 04:45:53,460 - sauce_connect:0 - INFO - connection to Sauce Connect server closed
2014-05-11 04:45:54,276 - sauce_connect:0 - INFO - old keepalive timer shutting down
2014-05-11 04:45:54,969 - sauce_connect:0 - INFO - Successful handshake with Sauce Connect server
2014-05-11 04:45:54,970 - sauce_connect:0 - INFO - Tunnel host version: 0.1.0, remote endpoint ID: e1f4f378392e4098b5bd9c58fec7989c
2014-05-11 04:45:55,138 - sauce_connect:0 - INFO - disconnected from Sauce Connect server
2014-05-11 04:45:55,145 - sauce_connect:0 - INFO - connection to Sauce Connect server closed
2014-05-11 04:45:55,970 - sauce_connect:0 - INFO - old keepalive timer shutting down
2014-05-11 04:45:56,750 - sauce_connect:0 - INFO - Successful handshake with Sauce Connect server
2014-05-11 04:45:56,753 - sauce_connect:0 - INFO - Tunnel host version: 0.1.0, remote endpoint ID: e1f4f378392e4098b5bd9c58fec7989c
2014-05-11 04:45:56,914 - sauce_connect:0 - INFO - disconnected from Sauce Connect server
2014-05-11 04:45:56,914 - sauce_connect:0 - INFO - connection to Sauce Connect server closed
2014-05-11 04:45:57,759 - sauce_connect:0 - INFO - old keepalive timer shutting down
2014-05-11 04:45:58,437 - sauce_connect:0 - INFO - Successful handshake with Sauce Connect server
2014-05-11 04:45:58,438 - sauce_connect:0 - INFO - Tunnel host version: 0.1.0, remote endpoint ID: e1f4f378392e4098b5bd9c58fec7989c
2014-05-11 04:45:58,614 - sauce_connect:0 - INFO - disconnected from Sauce Connect server
2014-05-11 04:45:58,615 - sauce_connect:0 - INFO - connection to Sauce Connect server closed
2014-05-11 04:45:59,438 - sauce_connect:0 - INFO - old keepalive timer shutting down
2014-05-11 04:46:00,148 - sauce_connect:0 - INFO - Successful handshake with Sauce Connect server
2014-05-11 04:46:00,153 - sauce_connect:0 - INFO - Tunnel host version: 0.1.0, remote endpoint ID: e1f4f378392e4098b5bd9c58fec7989c
2014-05-11 04:46:00,325 - sauce_connect:0 - INFO - disconnected from Sauce Connect server
2014-05-11 04:46:00,328 - sauce_connect:0 - INFO - connection to Sauce Connect server closed
2014-05-11 04:46:01,157 - sauce_connect:0 - INFO - old keepalive timer shutting down
2014-05-11 04:46:01,812 - sauce_connect:0 - INFO - Successful handshake with Sauce Connect server
2014-05-11 04:46:01,812 - sauce_connect:0 - INFO - Tunnel host version: 0.1.0, remote endpoint ID: e1f4f378392e4098b5bd9c58fec7989c
2014-05-11 04:46:01,983 - sauce_connect:0 - INFO - disconnected from Sauce Connect server
2014-05-11 04:46:01,989 - sauce_connect:0 - INFO - connection to Sauce Connect server closed
2014-05-11 04:46:02,836 - sauce_connect:0 - INFO - old keepalive timer shutting down
2014-05-11 04:46:03,434 - sauce_connect:0 - INFO - Successful handshake with Sauce Connect server
2014-05-11 04:46:03,434 - sauce_connect:0 - INFO - Tunnel host version: 0.1.0, remote endpoint ID: e1f4f378392e4098b5bd9c58fec7989c
2014-05-11 04:46:03,607 - sauce_connect:0 - INFO - disconnected from Sauce Connect server
2014-05-11 04:46:03,608 - sauce_connect:0 - INFO - connection to Sauce Connect server closed
2014-05-11 04:46:04,434 - sauce_connect:0 - INFO - old keepalive timer shutting down
2014-05-11 04:46:05,171 - sauce_connect:0 - INFO - Successful handshake with Sauce Connect server
2014-05-11 04:46:05,174 - sauce_connect:0 - INFO - Tunnel host version: 0.1.0, remote endpoint ID: e1f4f378392e4098b5bd9c58fec7989c
2014-05-11 04:46:05,348 - sauce_connect:0 - INFO - disconnected from Sauce Connect server
2014-05-11 04:46:05,355 - sauce_connect:0 - INFO - connection to Sauce Connect server closed
2014-05-11 04:46:06,171 - sauce_connect:0 - INFO - old keepalive timer shutting down
2014-05-11 04:46:06,842 - sauce_connect:0 - INFO - Successful handshake with Sauce Connect server
2014-05-11 04:46:06,845 - sauce_connect:0 - INFO - Tunnel host version: 0.1.0, remote endpoint ID: e1f4f378392e4098b5bd9c58fec7989c
2014-05-11 04:46:07,013 - sauce_connect:0 - INFO - disconnected from Sauce Connect server
2014-05-11 04:46:07,030 - sauce_connect:0 - INFO - connection to Sauce Connect server closed
2014-05-11 04:46:07,842 - sauce_connect:0 - INFO - old keepalive timer shutting down
2014-05-11 04:46:08,542 - sauce_connect:0 - INFO - Successful handshake with Sauce Connect server
2014-05-11 04:46:08,542 - sauce_connect:0 - INFO - Tunnel host version: 0.1.0, remote endpoint ID: e1f4f378392e4098b5bd9c58fec7989c
2014-05-11 04:46:08,720 - sauce_connect:0 - INFO - disconnected from Sauce Connect server
2014-05-11 04:46:08,726 - sauce_connect:0 - INFO - connection to Sauce Connect server closed
2014-05-11 04:46:09,546 - sauce_connect:0 - INFO - old keepalive timer shutting down
2014-05-11 04:46:10,240 - sauce_connect:0 - INFO - Tunnel host version: 0.1.0, remote endpoint ID: e1f4f378392e4098b5bd9c58fec7989c
2014-05-11 04:46:10,242 - sauce_connect:0 - INFO - Successful handshake with Sauce Connect server
2014-05-11 04:46:10,408 - sauce_connect:0 - INFO - disconnected from Sauce Connect server
2014-05-11 04:46:10,411 - sauce_connect:0 - INFO - connection to Sauce Connect server closed
2014-05-11 04:46:11,246 - sauce_connect:0 - INFO - old keepalive timer shutting down
2014-05-11 04:46:11,948 - sauce_connect:0 - INFO - Successful handshake with Sauce Connect server
2014-05-11 04:46:11,956 - sauce_connect:0 - INFO - Tunnel host version: 0.1.0, remote endpoint ID: e1f4f378392e4098b5bd9c58fec7989c
2014-05-11 04:46:12,128 - sauce_connect:0 - INFO - disconnected from Sauce Connect server
2014-05-11 04:46:12,128 - sauce_connect:0 - INFO - connection to Sauce Connect server closed
2014-05-11 04:46:12,950 - sauce_connect:0 - INFO - old keepalive timer shutting down
2014-05-11 04:46:13,661 - sauce_connect:0 - INFO - Successful handshake with Sauce Connect server
2014-05-11 04:46:13,661 - sauce_connect:0 - INFO - Tunnel host version: 0.1.0, remote endpoint ID: e1f4f378392e4098b5bd9c58fec7989c
2014-05-11 04:46:13,838 - sauce_connect:0 - INFO - disconnected from Sauce Connect server
2014-05-11 04:46:13,842 - sauce_connect:0 - INFO - connection to Sauce Connect server closed
2014-05-11 04:46:14,667 - sauce_connect:0 - INFO - old keepalive timer shutting down
2014-05-11 04:46:15,346 - sauce_connect:0 - INFO - Successful handshake with Sauce Connect server
2014-05-11 04:46:15,346 - sauce_connect:0 - INFO - Tunnel host version: 0.1.0, remote endpoint ID: e1f4f378392e4098b5bd9c58fec7989c
2014-05-11 04:46:15,538 - sauce_connect:0 - INFO - disconnected from Sauce Connect server
2014-05-11 04:46:15,549 - sauce_connect:0 - INFO - connection to Sauce Connect server closed
2014-05-11 04:46:16,345 - sauce_connect:0 - INFO - old keepalive timer shutting down
2014-05-11 04:46:17,055 - sauce_connect:0 - INFO - Successful handshake with Sauce Connect server
2014-05-11 04:46:17,055 - sauce_connect:0 - INFO - Tunnel host version: 0.1.0, remote endpoint ID: e1f4f378392e4098b5bd9c58fec7989c
2014-05-11 04:46:17,232 - sauce_connect:0 - INFO - disconnected from Sauce Connect server
2014-05-11 04:46:17,239 - sauce_connect:0 - INFO - connection to Sauce Connect server closed
2014-05-11 04:46:18,055 - sauce_connect:0 - INFO - old keepalive timer shutting down
2014-05-11 04:46:18,762 - sauce_connect:0 - INFO - Successful handshake with Sauce Connect server
2014-05-11 04:46:18,763 - sauce_connect:0 - INFO - Tunnel host version: 0.1.0, remote endpoint ID: e1f4f378392e4098b5bd9c58fec7989c
2014-05-11 04:46:18,938 - sauce_connect:0 - INFO - disconnected from Sauce Connect server
2014-05-11 04:46:18,940 - sauce_connect:0 - INFO - connection to Sauce Connect server closed
2014-05-11 04:46:19,766 - sauce_connect:0 - INFO - old keepalive timer shutting down
2014-05-11 04:46:20,438 - sauce_connect:0 - INFO - Successful handshake with Sauce Connect server
2014-05-11 04:46:20,443 - sauce_connect:0 - INFO - Tunnel host version: 0.1.0, remote endpoint ID: e1f4f378392e4098b5bd9c58fec7989c
2014-05-11 04:46:20,628 - sauce_connect:0 - INFO - disconnected from Sauce Connect server
2014-05-11 04:46:20,628 - sauce_connect:0 - INFO - connection to Sauce Connect server closed
2014-05-11 04:46:21,447 - sauce_connect:0 - INFO - old keepalive timer shutting down
2014-05-11 04:46:22,163 - sauce_connect:0 - INFO - Tunnel host version: 0.1.0, remote endpoint ID: e1f4f378392e4098b5bd9c58fec7989c
2014-05-11 04:46:22,164 - sauce_connect:0 - INFO - Successful handshake with Sauce Connect server
2014-05-11 04:46:22,338 - sauce_connect:0 - INFO - disconnected from Sauce Connect server
2014-05-11 04:46:22,339 - sauce_connect:0 - INFO - connection to Sauce Connect server closed
2014-05-11 04:46:23,170 - sauce_connect:0 - INFO - old keepalive timer shutting down
2014-05-11 04:46:23,871 - sauce_connect:0 - INFO - Successful handshake with Sauce Connect server
2014-05-11 04:46:23,871 - sauce_connect:0 - INFO - Tunnel host version: 0.1.0, remote endpoint ID: e1f4f378392e4098b5bd9c58fec7989c
2014-05-11 04:46:24,046 - sauce_connect:0 - INFO - disconnected from Sauce Connect server
2014-05-11 04:46:24,056 - sauce_connect:0 - INFO - connection to Sauce Connect server closed
2014-05-11 04:46:24,872 - sauce_connect:0 - INFO - old keepalive timer shutting down
2014-05-11 04:46:25,638 - sauce_connect:0 - INFO - Successful handshake with Sauce Connect server
2014-05-11 04:46:25,638 - sauce_connect:0 - INFO - Tunnel host version: 0.1.0, remote endpoint ID: e1f4f378392e4098b5bd9c58fec7989c
2014-05-11 04:46:25,828 - sauce_connect:0 - INFO - disconnected from Sauce Connect server
2014-05-11 04:46:25,828 - sauce_connect:0 - INFO - connection to Sauce Connect server closed
2014-05-11 04:46:26,638 - sauce_connect:0 - INFO - old keepalive timer shutting down
2014-05-11 04:46:33,194 - sauce_connect:0 - INFO - Tunnel host version: 0.1.0, remote endpoint ID: e1f4f378392e4098b5bd9c58fec7989c
2014-05-11 04:46:33,200 - sauce_connect:0 - INFO - Successful handshake with Sauce Connect server
2014-05-11 04:46:33,361 - sauce_connect:0 - INFO - disconnected from Sauce Connect server
2014-05-11 04:46:33,364 - sauce_connect:0 - INFO - connection to Sauce Connect server closed
2014-05-11 04:46:34,180 - sauce_connect:0 - INFO - old keepalive timer shutting down
2014-05-11 04:46:34,823 - sauce_connect:0 - INFO - Successful handshake with Sauce Connect server
2014-05-11 04:46:34,823 - sauce_connect:0 - INFO - Tunnel host version: 0.1.0, remote endpoint ID: e1f4f378392e4098b5bd9c58fec7989c
2014-05-11 04:46:35,005 - sauce_connect:0 - INFO - disconnected from Sauce Connect server
2014-05-11 04:46:35,007 - sauce_connect:0 - INFO - connection to Sauce Connect server closed
2014-05-11 04:46:35,825 - sauce_connect:0 - INFO - old keepalive timer shutting down
2014-05-11 04:46:36,572 - sauce_connect:0 - INFO - Successful handshake with Sauce Connect server
2014-05-11 04:46:36,572 - sauce_connect:0 - INFO - Tunnel host version: 0.1.0, remote endpoint ID: e1f4f378392e4098b5bd9c58fec7989c
2014-05-11 04:46:36,750 - sauce_connect:0 - INFO - disconnected from Sauce Connect server
2014-05-11 04:46:36,759 - sauce_connect:0 - INFO - connection to Sauce Connect server closed
2014-05-11 04:46:37,576 - sauce_connect:0 - INFO - old keepalive timer shutting down
2014-05-11 04:46:38,270 - sauce_connect:0 - INFO - Successful handshake with Sauce Connect server
2014-05-11 04:46:38,273 - sauce_connect:0 - INFO - Tunnel host version: 0.1.0, remote endpoint ID: e1f4f378392e4098b5bd9c58fec7989c
2014-05-11 04:46:38,447 - sauce_connect:0 - INFO - disconnected from Sauce Connect server
2014-05-11 04:46:38,457 - sauce_connect:0 - INFO - connection to Sauce Connect server closed
2014-05-11 04:46:39,275 - sauce_connect:0 - INFO - old keepalive timer shutting down
2014-05-11 04:46:39,961 - sauce_connect:0 - INFO - Successful handshake with Sauce Connect server
2014-05-11 04:46:39,961 - sauce_connect:0 - INFO - Tunnel host version: 0.1.0, remote endpoint ID: e1f4f378392e4098b5bd9c58fec7989c
2014-05-11 04:46:40,138 - sauce_connect:0 - INFO - disconnected from Sauce Connect server
2014-05-11 04:46:40,150 - sauce_connect:0 - INFO - connection to Sauce Connect server closed
2014-05-11 04:46:40,961 - sauce_connect:0 - INFO - old keepalive timer shutting down
2014-05-11 04:46:41,650 - sauce_connect:0 - INFO - Successful handshake with Sauce Connect server
2014-05-11 04:46:41,653 - sauce_connect:0 - INFO - Tunnel host version: 0.1.0, remote endpoint ID: e1f4f378392e4098b5bd9c58fec7989c
2014-05-11 04:46:41,838 - sauce_connect:0 - INFO - disconnected from Sauce Connect server
2014-05-11 04:46:41,838 - sauce_connect:0 - INFO - connection to Sauce Connect server closed
2014-05-11 04:46:42,650 - sauce_connect:0 - INFO - old keepalive timer shutting down
2014-05-11 04:46:43,345 - sauce_connect:0 - INFO - Successful handshake with Sauce Connect server
2014-05-11 04:46:43,345 - sauce_connect:0 - INFO - Tunnel host version: 0.1.0, remote endpoint ID: e1f4f378392e4098b5bd9c58fec7989c
2014-05-11 04:46:43,529 - sauce_connect:0 - INFO - disconnected from Sauce Connect server
2014-05-11 04:46:43,529 - sauce_connect:0 - INFO - connection to Sauce Connect server closed
2014-05-11 04:46:44,355 - sauce_connect:0 - INFO - old keepalive timer shutting down
2014-05-11 04:46:45,022 - sauce_connect:0 - INFO - Successful handshake with Sauce Connect server
2014-05-11 04:46:45,036 - sauce_connect:0 - INFO - Tunnel host version: 0.1.0, remote endpoint ID: e1f4f378392e4098b5bd9c58fec7989c
2014-05-11 04:46:45,204 - sauce_connect:0 - INFO - disconnected from Sauce Connect server
2014-05-11 04:46:45,219 - sauce_connect:0 - INFO - connection to Sauce Connect server closed
2014-05-11 04:46:46,040 - sauce_connect:0 - INFO - old keepalive timer shutting down
2014-05-11 04:46:46,744 - sauce_connect:0 - INFO - Tunnel host version: 0.1.0, remote endpoint ID: e1f4f378392e4098b5bd9c58fec7989c
2014-05-11 04:46:46,744 - sauce_connect:0 - INFO - Successful handshake with Sauce Connect server
2014-05-11 04:46:46,923 - sauce_connect:0 - INFO - disconnected from Sauce Connect server
2014-05-11 04:46:46,924 - sauce_connect:0 - INFO - connection to Sauce Connect server closed
2014-05-11 04:46:47,747 - sauce_connect:0 - INFO - old keepalive timer shutting down
2014-05-11 04:46:48,467 - sauce_connect:0 - INFO - Successful handshake with Sauce Connect server
2014-05-11 04:46:48,469 - sauce_connect:0 - INFO - Tunnel host version: 0.1.0, remote endpoint ID: e1f4f378392e4098b5bd9c58fec7989c
2014-05-11 04:46:48,648 - sauce_connect:0 - INFO - disconnected from Sauce Connect server
2014-05-11 04:46:48,654 - sauce_connect:0 - INFO - connection to Sauce Connect server closed
2014-05-11 04:46:49,474 - sauce_connect:0 - INFO - old keepalive timer shutting down
2014-05-11 04:46:50,164 - sauce_connect:0 - INFO - Successful handshake with Sauce Connect server
2014-05-11 04:46:50,164 - sauce_connect:0 - INFO - Tunnel host version: 0.1.0, remote endpoint ID: e1f4f378392e4098b5bd9c58fec7989c
2014-05-11 04:46:50,335 - sauce_connect:0 - INFO - disconnected from Sauce Connect server
2014-05-11 04:46:50,336 - sauce_connect:0 - INFO - connection to Sauce Connect server closed
2014-05-11 04:46:51,167 - sauce_connect:0 - INFO - old keepalive timer shutting down
2014-05-11 04:46:51,842 - sauce_connect:0 - INFO - Successful handshake with Sauce Connect server
2014-05-11 04:46:51,844 - sauce_connect:0 - INFO - Tunnel host version: 0.1.0, remote endpoint ID: e1f4f378392e4098b5bd9c58fec7989c
2014-05-11 04:46:52,016 - sauce_connect:0 - INFO - disconnected from Sauce Connect server
2014-05-11 04:46:52,019 - sauce_connect:0 - INFO - connection to Sauce Connect server closed
2014-05-11 04:46:52,842 - sauce_connect:0 - INFO - old keepalive timer shutting down
2014-05-11 04:46:53,552 - sauce_connect:0 - INFO - Successful handshake with Sauce Connect server
2014-05-11 04:46:53,552 - sauce_connect:0 - INFO - Tunnel host version: 0.1.0, remote endpoint ID: e1f4f378392e4098b5bd9c58fec7989c
2014-05-11 04:46:53,739 - sauce_connect:0 - INFO - disconnected from Sauce Connect server
2014-05-11 04:46:53,744 - sauce_connect:0 - INFO - connection to Sauce Connect server closed
2014-05-11 04:46:54,559 - sauce_connect:0 - INFO - old keepalive timer shutting down
2014-05-11 04:46:55,255 - sauce_connect:0 - INFO - Successful handshake with Sauce Connect server
2014-05-11 04:46:55,259 - sauce_connect:0 - INFO - Tunnel host version: 0.1.0, remote endpoint ID: e1f4f378392e4098b5bd9c58fec7989c
2014-05-11 04:46:55,430 - sauce_connect:0 - INFO - disconnected from Sauce Connect server
2014-05-11 04:46:55,431 - sauce_connect:0 - INFO - connection to Sauce Connect server closed
2014-05-11 04:46:56,253 - sauce_connect:0 - INFO - old keepalive timer shutting down
2014-05-11 04:46:56,959 - sauce_connect:0 - INFO - Successful handshake with Sauce Connect server
2014-05-11 04:46:56,959 - sauce_connect:0 - INFO - Tunnel host version: 0.1.0, remote endpoint ID: e1f4f378392e4098b5bd9c58fec7989c
2014-05-11 04:46:57,140 - sauce_connect:0 - INFO - disconnected from Sauce Connect server
2014-05-11 04:46:57,145 - sauce_connect:0 - INFO - connection to Sauce Connect server closed
2014-05-11 04:46:57,961 - sauce_connect:0 - INFO - old keepalive timer shutting down
2014-05-11 04:46:58,664 - sauce_connect:0 - INFO - Successful handshake with Sauce Connect server
2014-05-11 04:46:58,664 - sauce_connect:0 - INFO - Tunnel host version: 0.1.0, remote endpoint ID: e1f4f378392e4098b5bd9c58fec7989c
2014-05-11 04:46:58,845 - sauce_connect:0 - INFO - disconnected from Sauce Connect server
2014-05-11 04:46:58,848 - sauce_connect:0 - INFO - connection to Sauce Connect server closed
2014-05-11 04:46:59,671 - sauce_connect:0 - INFO - old keepalive timer shutting down
2014-05-11 04:47:00,483 - sauce_connect:0 - INFO - Successful handshake with Sauce Connect server
2014-05-11 04:47:00,484 - sauce_connect:0 - INFO - Tunnel host version: 0.1.0, remote endpoint ID: e1f4f378392e4098b5bd9c58fec7989c
2014-05-11 04:47:00,660 - sauce_connect:0 - INFO - disconnected from Sauce Connect server
2014-05-11 04:47:00,661 - sauce_connect:0 - INFO - connection to Sauce Connect server closed
2014-05-11 04:47:01,486 - sauce_connect:0 - INFO - old keepalive timer shutting down
2014-05-11 04:47:02,145 - sauce_connect:0 - INFO - Successful handshake with Sauce Connect server
2014-05-11 04:47:02,147 - sauce_connect:0 - INFO - Tunnel host version: 0.1.0, remote endpoint ID: e1f4f378392e4098b5bd9c58fec7989c
2014-05-11 04:47:02,322 - sauce_connect:0 - INFO - disconnected from Sauce Connect server
2014-05-11 04:47:02,325 - sauce_connect:0 - INFO - connection to Sauce Connect server closed
2014-05-11 04:47:03,150 - sauce_connect:0 - INFO - old keepalive timer shutting down
2014-05-11 04:47:03,859 - sauce_connect:0 - INFO - Successful handshake with Sauce Connect server
2014-05-11 04:47:03,859 - sauce_connect:0 - INFO - Tunnel host version: 0.1.0, remote endpoint ID: e1f4f378392e4098b5bd9c58fec7989c
2014-05-11 04:47:04,040 - sauce_connect:0 - INFO - disconnected from Sauce Connect server
2014-05-11 04:47:04,045 - sauce_connect:0 - INFO - connection to Sauce Connect server closed
2014-05-11 04:47:04,862 - sauce_connect:0 - INFO - old keepalive timer shutting down
2014-05-11 04:47:05,559 - sauce_connect:0 - INFO - Successful handshake with Sauce Connect server
2014-05-11 04:47:05,559 - sauce_connect:0 - INFO - Tunnel host version: 0.1.0, remote endpoint ID: e1f4f378392e4098b5bd9c58fec7989c
2014-05-11 04:47:05,733 - sauce_connect:0 - INFO - disconnected from Sauce Connect server
2014-05-11 04:47:05,742 - sauce_connect:0 - INFO - connection to Sauce Connect server closed
2014-05-11 04:47:06,559 - sauce_connect:0 - INFO - old keepalive timer shutting down
2014-05-11 04:47:07,655 - sauce_connect:0 - INFO - Successful handshake with Sauce Connect server
2014-05-11 04:47:07,658 - sauce_connect:0 - INFO - Tunnel host version: 0.1.0, remote endpoint ID: e1f4f378392e4098b5bd9c58fec7989c
2014-05-11 04:47:07,947 - sauce_connect:0 - INFO - disconnected from Sauce Connect server
2014-05-11 04:47:07,953 - sauce_connect:0 - INFO - connection to Sauce Connect server closed
2014-05-11 04:47:08,664 - sauce_connect:0 - INFO - old keepalive timer shutting down
2014-05-11 04:47:09,845 - sauce_connect:0 - INFO - Successful handshake with Sauce Connect server
2014-05-11 04:47:09,845 - sauce_connect:0 - INFO - Tunnel host version: 0.1.0, remote endpoint ID: e1f4f378392e4098b5bd9c58fec7989c
2014-05-11 04:47:10,232 - sauce_connect:0 - INFO - disconnected from Sauce Connect server
2014-05-11 04:47:10,234 - sauce_connect:0 - INFO - connection to Sauce Connect server closed
2014-05-11 04:47:10,845 - sauce_connect:0 - INFO - old keepalive timer shutting down
2014-05-11 04:47:11,763 - sauce_connect:0 - INFO - Successful handshake with Sauce Connect server
2014-05-11 04:47:11,763 - sauce_connect:0 - INFO - Tunnel host version: 0.1.0, remote endpoint ID: e1f4f378392e4098b5bd9c58fec7989c
2014-05-11 04:47:11,940 - sauce_connect:0 - INFO - disconnected from Sauce Connect server
2014-05-11 04:47:11,947 - sauce_connect:0 - INFO - connection to Sauce Connect server closed
2014-05-11 04:47:12,763 - sauce_connect:0 - INFO - old keepalive timer shutting down
2014-05-11 04:47:13,460 - sauce_connect:0 - INFO - Successful handshake with Sauce Connect server
2014-05-11 04:47:13,461 - sauce_connect:0 - INFO - Tunnel host version: 0.1.0, remote endpoint ID: e1f4f378392e4098b5bd9c58fec7989c
2014-05-11 04:47:13,634 - sauce_connect:0 - INFO - disconnected from Sauce Connect server
2014-05-11 04:47:13,634 - sauce_connect:0 - INFO - connection to Sauce Connect server closed
2014-05-11 04:47:14,460 - sauce_connect:0 - INFO - old keepalive timer shutting down
2014-05-11 04:47:15,157 - sauce_connect:0 - INFO - Successful handshake with Sauce Connect server
2014-05-11 04:47:15,157 - sauce_connect:0 - INFO - Tunnel host version: 0.1.0, remote endpoint ID: e1f4f378392e4098b5bd9c58fec7989c
2014-05-11 04:47:15,334 - sauce_connect:0 - INFO - disconnected from Sauce Connect server
2014-05-11 04:47:15,348 - sauce_connect:0 - INFO - connection to Sauce Connect server closed
2014-05-11 04:47:16,158 - sauce_connect:0 - INFO - old keepalive timer shutting down
2014-05-11 04:47:16,855 - sauce_connect:0 - INFO - Successful handshake with Sauce Connect server
2014-05-11 04:47:16,855 - sauce_connect:0 - INFO - Tunnel host version: 0.1.0, remote endpoint ID: e1f4f378392e4098b5bd9c58fec7989c
2014-05-11 04:47:17,036 - sauce_connect:0 - INFO - disconnected from Sauce Connect server
2014-05-11 04:47:17,039 - sauce_connect:0 - INFO - connection to Sauce Connect server closed
2014-05-11 04:47:17,858 - sauce_connect:0 - INFO - old keepalive timer shutting down
2014-05-11 04:47:18,555 - sauce_connect:0 - INFO - Successful handshake with Sauce Connect server
2014-05-11 04:47:18,559 - sauce_connect:0 - INFO - Tunnel host version: 0.1.0, remote endpoint ID: e1f4f378392e4098b5bd9c58fec7989c
2014-05-11 04:47:18,733 - sauce_connect:0 - INFO - disconnected from Sauce Connect server
2014-05-11 04:47:18,736 - sauce_connect:0 - INFO - connection to Sauce Connect server closed
2014-05-11 04:47:19,555 - sauce_connect:0 - INFO - old keepalive timer shutting down
2014-05-11 04:47:20,255 - sauce_connect:0 - INFO - Successful handshake with Sauce Connect server
2014-05-11 04:47:20,256 - sauce_connect:0 - INFO - Tunnel host version: 0.1.0, remote endpoint ID: e1f4f378392e4098b5bd9c58fec7989c
2014-05-11 04:47:20,431 - sauce_connect:0 - INFO - disconnected from Sauce Connect server
2014-05-11 04:47:20,434 - sauce_connect:0 - INFO - connection to Sauce Connect server closed
2014-05-11 04:47:21,259 - sauce_connect:0 - INFO - old keepalive timer shutting down
2014-05-11 04:47:21,960 - sauce_connect:0 - INFO - Tunnel host version: 0.1.0, remote endpoint ID: e1f4f378392e4098b5bd9c58fec7989c
2014-05-11 04:47:21,970 - sauce_connect:0 - INFO - Successful handshake with Sauce Connect server
2014-05-11 04:47:22,144 - sauce_connect:0 - INFO - disconnected from Sauce Connect server
2014-05-11 04:47:22,147 - sauce_connect:0 - INFO - connection to Sauce Connect server closed
2014-05-11 04:47:22,960 - sauce_connect:0 - INFO - old keepalive timer shutting down
2014-05-11 04:47:23,644 - sauce_connect:0 - INFO - Successful handshake with Sauce Connect server
2014-05-11 04:47:23,644 - sauce_connect:0 - INFO - Tunnel host version: 0.1.0, remote endpoint ID: e1f4f378392e4098b5bd9c58fec7989c
2014-05-11 04:47:23,819 - sauce_connect:0 - INFO - disconnected from Sauce Connect server
2014-05-11 04:47:23,822 - sauce_connect:0 - INFO - connection to Sauce Connect server closed
2014-05-11 04:47:24,653 - sauce_connect:0 - INFO - old keepalive timer shutting down
2014-05-11 04:47:25,519 - sauce_connect:0 - INFO - Successful handshake with Sauce Connect server
2014-05-11 04:47:25,522 - sauce_connect:0 - INFO - Tunnel host version: 0.1.0, remote endpoint ID: e1f4f378392e4098b5bd9c58fec7989c
2014-05-11 04:47:25,680 - sauce_connect:0 - INFO - disconnected from Sauce Connect server
2014-05-11 04:47:25,713 - sauce_connect:0 - INFO - connection to Sauce Connect server closed
2014-05-11 04:47:26,523 - sauce_connect:0 - INFO - old keepalive timer shutting down
2014-05-11 04:47:27,348 - sauce_connect:0 - INFO - Tunnel host version: 0.1.0, remote endpoint ID: e1f4f378392e4098b5bd9c58fec7989c
2014-05-11 04:47:27,349 - sauce_connect:0 - INFO - Successful handshake with Sauce Connect server
2014-05-11 04:47:27,529 - sauce_connect:0 - INFO - disconnected from Sauce Connect server
2014-05-11 04:47:27,532 - sauce_connect:0 - INFO - connection to Sauce Connect server closed
2014-05-11 04:47:28,358 - sauce_connect:0 - INFO - old keepalive timer shutting down
2014-05-11 04:47:29,108 - sauce_connect:0 - INFO - Successful handshake with Sauce Connect server
2014-05-11 04:47:29,108 - sauce_connect:0 - INFO - Tunnel host version: 0.1.0, remote endpoint ID: e1f4f378392e4098b5bd9c58fec7989c
2014-05-11 04:47:29,267 - sauce_connect:0 - INFO - disconnected from Sauce Connect server
2014-05-11 04:47:29,270 - sauce_connect:0 - INFO - connection to Sauce Connect server closed
2014-05-11 04:47:30,153 - sauce_connect:0 - INFO - old keepalive timer shutting down
2014-05-11 04:47:31,029 - sauce_connect:0 - INFO - Successful handshake with Sauce Connect server
2014-05-11 04:47:31,029 - sauce_connect:0 - INFO - Tunnel host version: 0.1.0, remote endpoint ID: e1f4f378392e4098b5bd9c58fec7989c
2014-05-11 04:47:31,204 - sauce_connect:0 - INFO - disconnected from Sauce Connect server
2014-05-11 04:47:31,226 - sauce_connect:0 - INFO - connection to Sauce Connect server closed
2014-05-11 04:47:32,030 - sauce_connect:0 - INFO - old keepalive timer shutting down
2014-05-11 04:47:32,842 - sauce_connect:0 - INFO - Tunnel host version: 0.1.0, remote endpoint ID: e1f4f378392e4098b5bd9c58fec7989c
2014-05-11 04:47:32,842 - sauce_connect:0 - INFO - Successful handshake with Sauce Connect server
2014-05-11 04:47:45,382 - sauce_connect:0 - INFO - disconnected from Sauce Connect server
2014-05-11 04:47:45,385 - sauce_connect:0 - INFO - connection to Sauce Connect server closed
2014-05-11 04:47:45,845 - sauce_connect:0 - INFO - old keepalive timer shutting down
2014-05-11 04:53:41,528 - sauce_connect:0 - INFO - Tunnel host version: 0.1.0, remote endpoint ID: e1f4f378392e4098b5bd9c58fec7989c
2014-05-11 04:56:33,487 - sauce_connect:0 - INFO - disconnected from Sauce Connect server
2014-05-11 04:56:37,875 - sauce_connect:0 - INFO - connection to Sauce Connect server closed
2014-05-11 04:56:38,562 - sauce_connect:0 - INFO - old keepalive timer shutting down
2014-05-11 04:56:43,078 - sauce_connect:0 - INFO - Successful handshake with Sauce Connect server
2014-05-11 04:56:55,242 - sauce_connect:0 - INFO - Successful handshake with Sauce Connect server
2014-05-11 04:56:55,242 - sauce_connect:0 - INFO - Tunnel host version: 0.1.0, remote endpoint ID: e1f4f378392e4098b5bd9c58fec7989c
2014-05-11 04:57:04,342 - sauce_connect:0 - INFO - Sauce Connect connection stalled! 0/1 acks, 9103ms since last recv, 5000ms timeout exceeded, min ack: 5000
2014-05-11 04:57:04,371 - sauce_connect:0 - INFO - disconnected from Sauce Connect server
2014-05-11 04:57:04,377 - sauce_connect:0 - INFO - connection to Sauce Connect server closed
2014-05-11 05:01:38,892 - sauce_connect:0 - INFO - An exception was thrown by ChannelFutureListener.
2014-05-11 05:01:43,450 - sauce_connect:0 - DEBUG - java.lang.OutOfMemoryError: Java heap space
	at org.jboss.netty.util.internal.ConcurrentIdentityHashMap$HashEntry.newArray(ConcurrentIdentityHashMap.java:191)
	at org.jboss.netty.util.internal.ConcurrentIdentityHashMap$Segment.<init>(ConcurrentIdentityHashMap.java:272)
	at org.jboss.netty.util.internal.ConcurrentIdentityHashMap.<init>(ConcurrentIdentityHashMap.java:636)
	at org.jboss.netty.util.HashedWheelTimer.createWheel(HashedWheelTimer.java:231)
	at org.jboss.netty.util.HashedWheelTimer.<init>(HashedWheelTimer.java:194)
	at org.jboss.netty.util.HashedWheelTimer.<init>(HashedWheelTimer.java:161)
	at org.jboss.netty.util.HashedWheelTimer.<init>(HashedWheelTimer.java:147)
	at org.jboss.netty.util.HashedWheelTimer.<init>(HashedWheelTimer.java:111)
	at com.saucelabs.kgp.KgpClientHandler.channelHandShook(KgpClient.scala:900)
	at com.saucelabs.kgp.KgpClientHandler$$anonfun$channelConnected$1.apply$mcV$sp(KgpClient.scala:892)
	at com.saucelabs.kgp.KgpClientHandler$$anon$5.operationComplete(KgpClient.scala:865)
	at org.jboss.netty.channel.DefaultChannelFuture.notifyListener(DefaultChannelFuture.java:397)
	at org.jboss.netty.channel.DefaultChannelFuture.notifyListeners(DefaultChannelFuture.java:383)
	at org.jboss.netty.channel.DefaultChannelFuture.setSuccess(DefaultChannelFuture.java:330)
	at org.jboss.netty.handler.ssl.SslHandler.setHandshakeSuccess(SslHandler.java:1026)
	at org.jboss.netty.handler.ssl.SslHandler.unwrap(SslHandler.java:898)
	at org.jboss.netty.handler.ssl.SslHandler.decode(SslHandler.java:600)
	at org.jboss.netty.handler.codec.frame.FrameDecoder.callDecode(FrameDecoder.java:282)
	at org.jboss.netty.handler.codec.frame.FrameDecoder.messageReceived(FrameDecoder.java:216)
	at org.jboss.netty.channel.Channels.fireMessageReceived(Channels.java:275)
	at org.jboss.netty.channel.Channels.fireMessageReceived(Channels.java:262)
	at org.jboss.netty.channel.socket.nio.NioWorker.read(NioWorker.java:340)
	at org.jboss.netty.channel.socket.nio.NioWorker.processSelectedKeys(NioWorker.java:271)
	at org.jboss.netty.channel.socket.nio.NioWorker.run(NioWorker.java:191)
	at java.util.concurrent.Executors$RunnableAdapter.call(Executors.java:471)
	at java.util.concurrent.FutureTask.run(FutureTask.java:262)
	at java.util.concurrent.ScheduledThreadPoolExecutor$ScheduledFutureTask.access$201(ScheduledThreadPoolExecutor.java:178)
	at java.util.concurrent.ScheduledThreadPoolExecutor$ScheduledFutureTask.run(ScheduledThreadPoolExecutor.java:292)

2014-05-11 05:01:47,848 - sauce_connect:0 - INFO - Tunnel host version: 0.1.0, remote endpoint ID: e1f4f378392e4098b5bd9c58fec7989c
2014-05-11 11:35:31,834 - sauce_connect:0 - INFO - received SIGTERM
