5 xx
       0.00000000    7022.46529266   -1400.08296755       0.03995155  1.893841015  6.405893759  4.534807250
     360.00000000   -7154.03120202   -3783.17682504   -3536.19412294  4.741887409 -4.151817765 -2.093935425    8635.348839 0.185684   34.26805  347.97998  332.85719  252.46822  273.52846 
     720.00000000   -7134.59340119    6531.68641334    3260.27186483 -4.113793027 -2.911922039 -2.557327851    8635.866961 0.185141   34.27271  347.16975  334.22009  171.22615  167.48200 
    1080.00000000    5568.53901181    4492.06992591    3863.87641983 -4.209106476  5.159719888  2.744852980    8633.623710 0.185699   34.26281  346.44442  335.36033   82.20964   61.63427 
    1440.00000000    -938.55923943   -6268.18748831   -4294.02924751  7.536105209 -0.427127707  0.989878080    8632.108227 0.185801   34.25571  345.65357  336.33912  298.48532  315.94740 
    1800.00000000   -9680.56121728    2802.47771354     124.10688038 -0.905874102 -4.659467970 -3.227347517    8637.127873 0.185063   34.28086  344.88964  337.42096  201.32636  210.16362 
    2160.00000000     190.19796988    7746.96653614    5110.00675412 -6.112325142  1.527008184 -0.139152358    8633.138110 0.185639   34.25663  344.11473  338.71771  123.33009  104.17617 
    2520.00000000    5579.55640116   -3995.61396789   -1518.82108966  4.767927483  5.123185301  4.276837355    8637.313842 0.186338   34.27714  343.34125  339.73609  357.70208  358.45142 
    2880.00000000   -8650.73082219   -1914.93811525   -3007.03603443  3.067165127 -4.828384068 -2.515322836    8636.107821 0.185538   34.27261  342.61158  340.69016  234.10955  252.77729 
    3240.00000000   -5429.79204164    7574.36493792    3747.39305236 -4.999442110 -1.800561422 -2.229392830    8635.480920 0.185331   34.26974  341.80144  342.10916  156.39681  146.67604 
    3600.00000000    6759.04583722    2001.58198220    2783.55192533 -2.180993947  6.402085603  3.644723952    8635.205457 0.185974   34.27008  341.07931  343.22946   57.48196   40.84347 
    3960.00000000   -3791.44531559   -5712.95617894   -4533.48630714  6.668817493 -2.516382327 -0.082384354    8632.738290 0.185854   34.25654  340.29915  344.15847  274.30698  295.20355 
    4320.00000000   -9060.47373569    4658.70952502     813.68673153 -2.232832783 -4.110453490 -3.157345433    8637.011479 0.185079   34.28036  339.51733  345.34014  186.53397  189.32854 
4632 xx
       0.00000000    2334.11450085  -41920.44035349      -0.03867437  2.826321032 -0.065091664  0.570936053
   -5184.00000000  -29020.02587128   13819.84419063   -5713.33679183 -1.768068390 -3.235371192 -0.395206135   37359.486458 0.145534   11.45906  273.26799  207.38275   34.36829   25.75009 
   -5064.00000000  -32982.56870101  -11125.54996609   -6803.28472771  0.617446996 -3.379240041  0.085954707   37359.474966 0.145511   11.45887  273.26406  207.40605   77.67758   61.81237 
   -4944.00000000  -22097.68730513  -31583.13829284   -4836.34329328  2.230597499 -2.166594667  0.426443070   37359.558360 0.145483   11.45906  273.26128  207.41121  113.78618   97.88058 
   -4896.00000000  -15129.94694545  -36907.74526221   -3487.56256701  2.581167187 -1.524204737  0.504805763   37359.582023 0.145472   11.45912  273.26070  207.41083  126.58605  112.30975 
6251 xx
       0.00000000    3988.31022699    5498.96657235       0.90055879 -3.290032738  2.357652820  6.496623475
     120.00000000   -3935.69800083     409.10980837    5471.33577327 -3.374784183 -6.635211043 -1.942056221    6769.931645 0.002844   58.04264   53.67485  130.44609  336.79905  336.92717 
     240.00000000   -1675.12766915   -5683.30432352   -3286.21510937  5.282496925  1.508674259 -5.354872978    6778.156695 0.003376   58.06431   53.35235  131.73928   83.11782   82.73385 
     360.00000000    4993.62642836    2890.54969900   -3600.40145627  0.347333429  5.707031557  5.070699638    6777.278181 0.003544   58.06200   52.95532  133.43069  187.97357  188.03006 
     480.00000000   -1115.07959514    4015.11691491    5326.99727718 -5.524279443 -4.765738774  2.402255961    6770.651429 0.003600   58.04451   52.63634  140.67813  287.49585  287.88898 
     600.00000000   -4329.10008198   -5176.70287935     409.65313857  2.858408303 -2.933091792 -6.509690397    6782.705375 0.004248   58.07622   52.26287  135.51078   40.39534   40.08061 
     720.00000000    3692.60030028    -976.24265255   -5623.36447493  3.897257243  6.415554948  1.429112190    6769.430032 0.004551   58.04122   51.90123  125.49652  157.33894  157.13740 
     840.00000000    2301.83510037    5723.92394553    2814.61514580 -5.110924966 -0.764510559  5.662120145    6779.390096 0.003929   58.06755   51.57398  123.26295  266.01693  266.46620 
     960.00000000   -4990.91637950   -2303.42547880    3920.86335598 -0.993439372 -5.967458360 -4.759110856    6776.159930 0.003678   58.05907   51.17829  123.47992   13.33838   13.24140 
    1080.00000000     642.27769977   -4332.89821901   -5183.31523910  5.720542579  4.216573838 -2.846576139    6771.348348 0.003769   58.04641   50.86185  118.25914  125.92474  125.57446 
    1200.00000000    4719.78335752    4798.06938996    -943.58851062 -2.294860662  3.492499389  6.408334723    6782.324756 0.003095   58.07542   50.48240  122.05574  228.52929  228.79544 
    1320.00000000   -3299.16993602    1576.83168320    5678.67840638 -4.460347074 -6.202025196 -0.885874586    6768.905841 0.002844   58.04006   50.12834  137.67807  320.02063  320.22967 
    1440.00000000   -2777.14682335   -5663.16031708   -2462.54889123  4.915493146  0.123328992 -5.896495091    6780.129465 0.003546   58.06961   49.79571  137.18932   68.18457   67.80767 
    1560.00000000    4992.31573893    1716.62356770   -4287.86065581  1.640717189  6.071570434  4.338797931    6774.960090 0.003871   58.05597   49.40182  134.68778  177.32702  177.30627 
    1680.00000000      -8.22384755    4662.21521668    4905.66411857 -5.891011274 -3.593173872  3.365100460    6772.467515 0.003831   58.04939   49.08756  138.32307  280.35761  280.78919 
    1800.00000000   -4966.20137963   -4379.59155037    1349.33347502  1.763172581 -3.981456387 -6.343279443    6781.957158 0.004291   58.07436   48.70290  133.20630   33.18647   32.91804 
    1920.00000000    2954.49390331   -2080.65984650   -5754.75038057  4.895893306  5.858184322  0.375474825    6768.741431 0.004500   58.03953   48.35495  122.85601  150.59023  150.33626 
    2040.00000000    3363.28794321    5559.55841180    1956.05542266 -4.587378863  0.591943403  6.107838605    6781.075924 0.003728   58.07214   48.01619  120.74445  259.11059  259.53032 
    2160.00000000   -4856.66780070   -1107.03450192    4557.21258241 -2.304158557 -6.186437070 -3.956549542    6773.790856 0.003314   58.05298   47.62591  124.52848    2.76965    2.75135 
    2280.00000000    -497.84480071   -4863.46005312   -4700.81211217  5.960065407  2.996683369 -3.767123329    6773.300660 0.003476   58.05171   47.31217  122.28114  112.48816  112.11976 
    2400.00000000    5241.61936096    3910.75960683   -1857.93473952 -1.124834806  4.406213160  6.148161299    6781.196626 0.003062   58.07257   46.92300  128.09973  213.11665  213.30872 
    2520.00000000   -2451.38045953    2610.60463261    5729.79022069 -5.366560525 -5.500855666  0.187958716    6768.628763 0.003019   58.03943   46.58234  143.14356  305.06368  305.34644 
    2640.00000000   -3791.87520638   -5378.82851382   -1575.82737930  4.266273592 -1.199162551 -6.276154080    6781.619648 0.003799   58.07362   46.23717  140.10708   55.81748   55.45792 
    2760.00000000    4730.53958356     524.05006433   -4857.29369725  2.918056288  6.135412849  3.495115636    6772.731004 0.004171   58.05018   45.85052  133.91684  168.75438  168.66087 
    2880.00000000    1159.27802897    5056.60175495    4353.49418579 -5.968060341 -2.314790406  4.230722669    6774.616358 0.003962   58.05516   45.53659  134.84166  274.40695  274.85946 
8195 xx
       0.00000000    2349.89483350  -14785.93811562       0.02119378  2.721488096 -3.256811655  4.498416672
     120.00000000   15223.91713658  -17852.95881713   25280.39558224  1.079041732  0.875187372  2.485682813   26564.972795 0.686668   64.17478  279.02552  264.80309  149.71441   80.31670 
     240.00000000   19752.78050009   -8600.07130962   37522.72921090  0.238105279  1.546110924  0.986410447   26565.010035 0.686728   64.17275  279.01498  264.80397  169.66005  140.46242 
     360.00000000   19089.29762968    3107.89495018   39958.14661370 -0.410308034  1.640332277 -0.306873818   26565.031543 0.686738   64.17218  279.00406  264.80930  185.29658  200.60235 
     480.00000000   13829.66070574   13977.39999817   32736.32082508 -1.065096849  1.279983299 -1.760166075   26564.634915 0.686690   64.17284  278.99292  264.81388  202.93895  260.74288 
     600.00000000    3333.05838525   18395.31728674   12738.25031238 -1.882432221 -0.611623333 -4.039586549   26566.276365 0.686599   64.17668  278.98254  264.80709  236.46995  320.89637 
     720.00000000    2622.13222207  -15125.15464924     474.51048398  2.688287199 -3.078426664  4.494979530   26574.954242 0.686659   64.17958  278.97819  264.81340   97.15356   21.03824 
     840.00000000   15320.56770017  -17777.32564586   25539.53198382  1.064346229  0.892184771  2.459822414   26564.962902 0.686625   64.17450  278.97313  264.79675  150.09214   81.20513 
     960.00000000   19769.70267785   -8458.65104454   37624.20130236  0.229304396  1.550363884  0.966993056   26565.011647 0.686686   64.17248  278.96261  264.79770  169.90202  141.35079 
    1080.00000000   19048.56201523    3260.43223119   39923.39143967 -0.418015536  1.639346953 -0.326094840   26565.027434 0.686695   64.17191  278.95173  264.80300  185.52862  201.49079 
    1200.00000000   13729.19205837   14097.70014810   32547.52799890 -1.074511043  1.270505211 -1.785099927   26564.625857 0.686647   64.17257  278.94062  264.80748  203.25530  261.63147 
    1320.00000000    3148.86165643   18323.19841703   12305.75195578 -1.895271701 -0.678343847 -4.086577951   26566.433921 0.686558   64.17648  278.93034  264.80024  237.38056  321.78550 
    1440.00000000    2890.80638268  -15446.43952300     948.77010176  2.654407490 -2.909344895  4.486437362   26574.434561 0.686613   64.17922  278.92626  264.80663   99.03216   21.92744 
    1560.00000000   15415.98410712  -17699.90714437   25796.19644689  1.049818334  0.908822332  2.434107329   26564.953291 0.686587   64.17410  278.92092  264.79014  150.46631   82.09412 
    1680.00000000   19786.00618538   -8316.74570581   37723.74539119  0.220539813  1.554518900  0.947601047   26565.012797 0.686648   64.17210  278.91042  264.79117  170.14354  142.23972 
    1800.00000000   19007.28688729    3412.85948715   39886.66579255 -0.425733568  1.638276809 -0.345353807   26565.022809 0.686658   64.17151  278.89955  264.79646  185.76117  202.37977 
    1920.00000000   13627.93015254   14216.95401307   32356.13706868 -1.083991976  1.260802347 -1.810193903   26564.616421 0.686609   64.17218  278.88845  264.80086  203.57415  262.52060 
    2040.00000000    2963.26486560   18243.85063641   11868.25797486 -1.908015447 -0.747870342 -4.134004492   26566.603652 0.686522   64.17617  278.87825  264.79319  238.31815  322.67518 
    2160.00000000    3155.85126036  -15750.70393364    1422.32496953  2.620085624 -2.748990396  4.473527039   26573.925433 0.686572   64.17873  278.87439  264.79963  100.82324   22.81719 
    2280.00000000   15510.15191770  -17620.71002219   26050.43525345  1.035454678  0.925111006  2.408534465   26564.943920 0.686554   64.17359  278.86878  264.78336  150.83704   82.98362 
    2400.00000000   19801.67198812   -8174.33337167   37821.38577439  0.211812700  1.558576937  0.928231880   26565.013482 0.686616   64.17159  278.85827  264.78450  170.38464  143.12915 
    2520.00000000   18965.46529379    3565.19666242   39847.97510998 -0.433459945  1.637120585 -0.364653213   26565.017669 0.686625   64.17101  278.84740  264.78980  185.99422  203.26925 
    2640.00000000   13525.88227400   14335.15978787   32162.13236536 -1.093537945  1.250868256 -1.835451681   26564.606618 0.686577   64.17169  278.83628  264.79413  203.89553  263.41021 
    2760.00000000    2776.30574260   18156.98538451   11425.73046481 -1.920632199 -0.820370733 -4.181839232   26566.786552 0.686492   64.17575  278.82615  264.78603  239.28416  323.56534 
    2880.00000000    3417.20931586  -16038.79510665    1894.74934058  2.585515864 -2.596818146  4.456882556   26573.430680 0.686537   64.17812  278.82248  264.79252  102.53320   23.70743 
9880 xx
       0.00000000   13020.06750784   -2449.07193500       1.15896030  4.247363935  1.597178501  4.956708611
     120.00000000   19190.32482476    9249.01266902   26596.71345328 -0.624960193  1.324550562  2.495697637   26536.157785 0.707479   64.58105  349.33800  270.05277  149.73414   76.55794 
     240.00000000   11332.67806218   16517.99124008   38569.78482991 -1.400974747  0.710947006  0.923935636   26536.461633 0.707543   64.57927  349.32489  270.05571  169.23435  136.79717 
     360.00000000     328.74217398   19554.92047380   40558.26246145 -1.593281066  0.126772913 -0.359627307   26536.550580 0.707550   64.57908  349.31175  270.06233  184.14530  197.03196 
     480.00000000  -10684.90590680   18057.15728839   33158.75253886 -1.383205997 -0.582328999 -1.744412556   26536.224674 0.707502   64.58013  349.29861  270.06767  200.60420  257.26836 
     600.00000000  -17069.78000550    9944.86797897   13885.91649059  0.044133354 -1.853448464 -3.815303117   26537.627081 0.707414   64.58411  349.28637  270.06276  230.39348  317.51685 
     720.00000000   13725.09398980   -2180.70877090     863.29684523  3.878478111  1.656846496  4.944867241   26548.400153 0.707488   64.58751  349.28080  270.07019   93.86581   17.75416 
     840.00000000   19089.63879226    9456.29670247   27026.79562883 -0.656614299  1.309112636  2.449371941   26536.096655 0.707453   64.58130  349.27341  270.05297  150.35122   78.01684 
     960.00000000   11106.41248373   16627.60874079   38727.35140296 -1.409722680  0.698582526  0.891383535   26536.411302 0.707515   64.57959  349.26035  270.05601  169.61685  138.25611 
    1080.00000000      72.40958621   19575.08054144   40492.12544001 -1.593394604  0.113655142 -0.390556063   26536.489502 0.707520   64.57944  349.24727  270.06257  184.50421  198.49116 
    1200.00000000  -10905.89252576   17965.41205111   32850.07298244 -1.371396120 -0.601706604 -1.782817058   26536.157491 0.707469   64.58054  349.23420  270.06773  201.08067  258.72796 
    1320.00000000  -17044.61207568    9635.48491849   13212.59462953  0.129244030 -1.903551430 -3.884569098   26537.783480 0.707381   64.58467  349.22213  270.06218  231.67260  318.97738 
    1440.00000000   14369.90303735   -1903.85601062    1722.15319853  3.543393116  1.701687176  4.913881358   26547.068947 0.707441   64.58780  349.21714  270.06942   97.43567   19.21520 
    1560.00000000   18983.96210441    9661.12233804   27448.99557732 -0.687189304  1.293808870  2.403630759   26536.037900 0.707421   64.58162  349.20920  270.05266  150.95668   79.47745 
    1680.00000000   10878.79336704   16735.31433954   38879.23434264 -1.418239666  0.686235750  0.858951848   26536.361441 0.707480   64.57998  349.19620  270.05579  169.99756  139.71681 
    1800.00000000    -184.03743100   19593.09371709   40420.40606889 -1.593348925  0.100448697 -0.421571993   26536.428838 0.707483   64.57986  349.18320  270.06227  184.86453  199.95215 
    1920.00000000  -11125.12138631   17870.19488928   32534.21521208 -1.359116236 -0.621413776 -1.821629856   26536.091195 0.707430   64.58101  349.17020  270.06722  201.56411  260.18938 
    2040.00000000  -17004.43272827    9316.53926351   12526.11883812  0.220330736 -1.955594322 -3.955058575   26537.968253 0.707343   64.58528  349.15832  270.06097  233.01308  320.43979 
    2160.00000000   14960.06492693   -1620.68430805    2574.96359381  3.238634028  1.734723385  4.868880331   26545.817091 0.707390   64.58808  349.15385  270.06791  100.69451   20.67819 
    2280.00000000   18873.46347257    9863.57004586   27863.46574735 -0.716736981  1.278632817  2.358448535   26535.981357 0.707384   64.58199  349.14544  270.05174  151.55123   80.93993 
    2400.00000000   10649.86857581   16841.14172669   39025.48035006 -1.426527152  0.673901057  0.826632332   26536.312052 0.707441   64.58041  349.13251  270.05493  170.37667  141.17940 
    2520.00000000    -440.53459323   19608.95524423   40343.10675451 -1.593138597  0.087147884 -0.452680559   26536.368598 0.707442   64.58032  349.11959  270.06131  185.22638  201.41505 
    2640.00000000  -11342.45028909   17771.44223942   32211.12535721 -1.346344015 -0.641464291 -1.860864234   26536.025833 0.707387   64.58151  349.10667  270.06605  202.05478  261.65273 
    2760.00000000  -16948.06005711    8987.64254880   11826.28284367  0.318007297 -2.009693492 -4.026726648   26538.185067 0.707301   64.58594  349.09499  270.05906  234.42048  321.90417 
    2880.00000000   15500.53445068   -1332.90981042    3419.72315308  2.960917974  1.758331634  4.813698638   26544.663270 0.707337   64.58836  349.09097  270.06565  103.68396   22.14322 
9998 xx
       0.00000000   25532.98947267  -27244.26327953      -1.11572421  2.410283885  2.194175683  0.545888526
   -1440.00000000  -11362.18265118  -35117.55867813   -5413.62537994  3.137861261 -1.011678260  0.267510059   38221.527196 0.027161    9.51133  313.16470  327.30279  331.26931  332.73910 
   -1380.00000000     309.25349929  -36960.43090143   -4198.48007670  3.292429375 -0.002166046  0.402111628   38221.562912 0.027167    9.51133  313.16407  327.33162  349.58823  350.13975 
   -1320.00000000   11949.04009077  -35127.37816804   -2565.89806468  3.119942784  1.012096444  0.497284100   38221.597574 0.027168    9.51133  313.16394  327.36280    7.96014    7.53757 
   -1260.00000000   22400.45329336  -29798.63236321    -677.91515122  2.638533344  1.922477736  0.542792913   38221.619104 0.027164    9.51127  313.16418  327.39316   26.28970   24.93585 
   -1200.00000000   30640.84752458  -21525.02340201    1277.34808722  1.903464941  2.634294312  0.534540934   38221.621357 0.027156    9.51113  313.16452  327.41909   44.48766   42.33846 
   -1140.00000000   35899.56788035  -11152.71158138    3108.72535238  0.997393045  3.079858548  0.474873291   38221.606640 0.027144    9.51092  313.16464  327.43779   62.48106   59.74850 
   -1080.00000000   37732.45438600     288.18821054    4643.87587495  0.016652226  3.225184410  0.371669746   38221.583925 0.027131    9.51067  313.16433  327.44806   80.22023   77.16736 
   -1020.00000000   36045.92961699   11706.61816230    5746.32646574 -0.942409065  3.069888941  0.236662980   38221.564352 0.027118    9.51043  313.16355  327.45017   97.68238   94.59480 
    -960.00000000   31076.77273609   22063.44379776    6325.93403705 -1.794027976  2.642072476  0.083556127   38221.556745 0.027105    9.51023  313.16243  327.44506  114.87173  112.02979 
    -900.00000000   23341.26015320   30460.88002531    6342.91707895 -2.469409743  1.990861658 -0.073612096   38221.564987 0.027094    9.51011  313.16118  327.43357  131.81675  129.47124 
    -840.00000000   13568.39733054   36204.45930900    5806.79548733 -2.919354203  1.178920217 -0.221646814   38221.587646 0.027086    9.51006  313.16007  327.41634  148.56544  146.91830 
    -780.00000000    2628.58762420   38840.10855897    4771.91979854 -3.114400514  0.276239109 -0.348926401   38221.619199 0.027080    9.51004  313.15929  327.39415  165.17961  164.37001 
    -720.00000000   -8535.81598158   38171.79073851    3331.00311285 -3.043839958 -0.644462527 -0.445808894   38221.652001 0.027077    9.51004  313.15891  327.36848  181.72922  181.82479 
11801 xx
       0.00000000    7473.37102491     428.94748312    5828.74846783  5.107155391  6.444680305 -0.186133297
     360.00000000   -3305.22148694   32410.84323331  -24697.16974954 -1.301137319 -1.151315600 -0.283335823   24303.002590 0.731602   46.74812  230.32944   47.61950  188.41998  216.32621 
     720.00000000   14271.29083858   24110.44309009   -4725.76320143 -0.320504528  2.679841539 -2.084054355   24260.894699 0.730999   46.75721  230.25074   47.70182  145.49644   62.82207 
    1080.00000000   -9990.05800009   22717.34212448  -23616.88515553 -1.016674392 -2.290267981  0.728923337   24216.359397 0.730514   46.74432  230.17836   47.76607  203.41637  269.87134 
    1440.00000000    9787.87836256   33753.32249667  -15030.79874625 -1.094251553  0.923589906 -1.522311008   24174.272629 0.729877   46.75279  230.10704   47.83652  164.83768  117.47198 
14128 xx
       0.00000000   34747.57932696   24502.37114079      -1.32832986 -1.731642662  2.452772615  0.608510081
     120.00000000   18263.33439094   38159.96004751    4186.18304085 -2.744396611  1.255583260  0.528558932   42563.373917 0.001211   11.45711   35.19962   28.33002    1.38855    1.38519 
     240.00000000   -3023.38840703   41783.13186459    7273.03412906 -3.035574793 -0.271656544  0.309645251   42563.324827 0.001205   11.45707   35.19984   29.13864   30.30745   30.23782 
     360.00000000  -23516.34391907   34424.42065671    8448.49867693 -2.529120477 -1.726186020  0.009582303   42563.304902 0.001192   11.45713   35.19919   29.70058   59.45552   59.33790 
     480.00000000  -37837.46699511   18028.39727170    7406.25540271 -1.360069525 -2.725794686 -0.292555349   42563.345087 0.001176   11.45738   35.19852   29.96088   88.87437   88.73964 
     600.00000000  -42243.58460661   -3093.72887774    4422.91711801  0.163110919 -3.009980598 -0.517584362   42563.417170 0.001158   11.45773   35.19869   29.81900  118.65925  118.54275 
     720.00000000  -35597.57919549  -23407.91145393     282.09554383  1.641405246 -2.506773678 -0.606963478   42563.461986 0.001144   11.45799   35.19977   29.19928  148.89065  148.82287 
     840.00000000  -19649.19834455  -37606.11623860   -3932.71525948  2.689647056 -1.349150016 -0.537710698   42563.447187 0.001139   11.45805   35.20091   28.28040  179.40342  179.40206 
     960.00000000    1431.30912160  -41982.04949668   -7120.45467057  3.035263353  0.160882945 -0.327993994   42563.398478 0.001145   11.45799   35.20123   27.42172  209.85642  209.92179 
    1080.00000000   22136.97605384  -35388.19823762   -8447.62393401  2.587624889  1.630097136 -0.032349004   42563.374446 0.001158   11.45801   35.20064   26.84718  240.04320  240.15820 
    1200.00000000   37050.15790219  -19537.23321425   -7564.83463543  1.461844494  2.674654256  0.272202191   42563.409798 0.001174   11.45822   35.19994   26.60748  269.92530  270.05985 
    1320.00000000   42253.81760945    1431.81867593   -4699.87621174 -0.049247334  3.019518960  0.505890058   42563.481283 0.001192   11.45854   35.20004   26.76687  299.44278  299.56166 
    1440.00000000   36366.59147396   22023.54245720    -601.47121821 -1.549681546  2.571788981  0.607057418   42563.529889 0.001206   11.45879   35.20107   27.36444  328.55239  328.62443 
    1560.00000000   20922.12287985   36826.33975981    3654.91125886 -2.644070068  1.447521216  0.548722983   42563.518644 0.001211   11.45883   35.20224   28.23223  357.41056  357.41683 
    1680.00000000     -23.77224182   41945.51688402    6950.29891751 -3.043358385 -0.057417440  0.346112094   42563.469516 0.001206   11.45875   35.20263   29.06519   26.30595   26.24476 
    1800.00000000  -20964.17821076   36039.06206172    8418.91984963 -2.642795221 -1.546099886  0.052725852   42563.441743 0.001194   11.45873   35.20206   29.66473   55.41954   55.30697 
    1920.00000000  -36401.63863057   20669.75286162    7677.19769359 -1.549488154 -2.627052310 -0.254079652   42563.473247 0.001178   11.45890   35.20132   29.97023   84.79777   84.66337 
    2040.00000000  -42298.30327543    -119.03351118    4922.96388841 -0.052232768 -3.018152669 -0.493827331   42563.543506 0.001160   11.45920   35.20134   29.89091  114.52484  114.40387 
    2160.00000000  -37125.62383511  -20879.63058368     879.86971348  1.456499841 -2.619358421 -0.604081694   42563.594241 0.001145   11.45943   35.20230   29.33478  144.69842  144.62255 
    2280.00000000  -22250.12320553  -36182.74736487   -3393.15365183  2.583161226 -1.536647628 -0.556404555   42563.586441 0.001139   11.45946   35.20346   28.43535  175.19302  175.18208 
    2400.00000000   -1563.06258654  -42035.43179159   -6780.02161760  3.034917506 -0.052702046 -0.363395654   42563.538116 0.001143   11.45935   35.20388   27.54855  205.67284  205.72964 
    2520.00000000   19531.64069587  -36905.65470956   -8395.46892032  2.693682199  1.446079999 -0.075256054   42563.506538 0.001155   11.45930   35.20333   26.92907  235.90107  236.01075 
    2640.00000000   35516.53506142  -22123.71916638   -7815.04516935  1.646882125  2.568416058  0.232985912   42563.532773 0.001171   11.45943   35.20253   26.64008  265.82773  265.96160 
    2760.00000000   42196.03535976   -1547.32646751   -5187.39401981  0.166491841  3.019211549  0.480665780   42563.601499 0.001189   11.45970   35.20242   26.73871  295.40114  295.52416 
    2880.00000000   37802.25393045   19433.57330019   -1198.66634226 -1.359930580  2.677830903  0.602507466   42563.655439 0.001204   11.45992   35.20328   27.28002  324.56323  324.64315 
16925 xx
       0.00000000    5559.11686836  -11941.04090781     -19.41235206  3.392116762 -1.946985124  4.250755852
     120.00000000   12339.83273749   -2771.14447871   18904.57603433 -0.871247614  2.600917693  0.581560002   14661.172377 0.558850   62.08305  294.96981  245.15625  184.99906  194.60194 
     240.00000000   -3385.00215658    7538.13955729     200.59008616 -2.023512865 -4.261808344 -6.856385787   14665.714395 0.558523   62.09661  294.91901  245.14019  293.28625  341.35502 
     360.00000000   12805.22442200  -10258.94667177   13780.16486738  0.619279224  1.821510542  2.507365975   14645.117765 0.558062   62.08843  294.88336  245.15357  161.54760  128.23326 
     480.00000000    5682.46556318    7199.30270473   15437.67134070 -2.474365406  2.087897336 -2.583767460   14633.903001 0.557848   62.08196  294.82586  245.20048  218.15600  275.17661 
     600.00000000    7628.94243982  -12852.72097492    2902.87208981  2.748131081 -0.740084579  4.125307943   14632.362326 0.557354   62.09577  294.78850  245.19074  127.26826   62.32227 
     720.00000000   11531.64866625    -858.27542736   19086.85993771 -1.170071901  2.660311986  0.096005705   14618.404552 0.557381   62.08201  294.74405  245.18359  190.26699  209.59663 
     840.00000000   -3866.98069515    2603.73442786   -4577.36484577  1.157257298 -8.453281164 -4.683959407   14609.995674 0.556752   62.08671  294.70316  245.19557  347.25740  356.96831 
     960.00000000   13054.77732721   -8707.92757730   15537.63259903  0.229846748  2.119467054  2.063396852   14602.300116 0.556633   62.08658  294.65799  245.17459  167.59676  144.51263 
    1080.00000000    3496.91064652    8712.83919778   12845.81838327 -2.782184997  1.552950644 -3.554436131   14591.223831 0.556266   62.08343  294.59790  245.22182  228.75859  292.09027 
    1200.00000000    9593.07424729  -13023.75963608    6250.46484931  2.072666376  0.278735334  3.778111073   14587.923690 0.555849   62.09368  294.56560  245.20055  138.87068   79.89265 
    1320.00000000   10284.79205084    1487.89914169   18824.37381327 -1.530335053  2.663107730 -0.542205966   14575.584864 0.555896   62.08105  294.51611  245.21321  196.99832  227.77817 
    1440.00000000    -984.62035146   -5187.03480813   -5745.59594144  4.340271916 -7.266811354  1.777668888   14567.962421 0.555321   62.08542  294.46033  245.19255   58.36941   15.80808 
20413 xx
       0.00000000   25123.29290741  -13225.49966287    3249.40351869  0.488683419  4.797897593 -0.961119693
    1440.00000000 -151669.05280515   -5645.20454550   -2198.51592118 -0.869182889 -0.870759872  0.156508219  107329.472020 0.778767   11.46945  186.22560  197.88492  157.93795   84.35145 
    1560.00000000 -157497.71657495  -11884.99595074   -1061.44439402 -0.749657961 -0.864016715  0.157766101  107329.542752 0.778732   11.46619  186.21408  197.89247  160.17026   91.77006 
    1680.00000000 -162498.32255577  -18062.99733167      81.00915253 -0.638980378 -0.853687105  0.158098992  107329.601942 0.778698   11.46314  186.20285  197.89962  162.24323   99.18897 
    1800.00000000 -166728.76010920  -24155.99648299    1222.84128677 -0.535600687 -0.840455444  0.157680857  107329.651718 0.778666   11.46032  186.19193  197.90637  164.18717  106.60813 
    1920.00000000 -169935.81924592  -31767.29787964    2749.01540345 -0.430050431 -0.828904183  0.157812340  107329.693304 0.778636   11.45772  186.08880  198.56498  166.02582  114.02755 
    2040.00000000 -172703.07831815  -37662.95639336    3883.60052579 -0.338004891 -0.810277487  0.156020035  107329.728599 0.778608   11.45535  186.07803  198.57160  167.77825  121.44719 
    2160.00000000 -174823.19337404  -43417.55605219    5003.26312809 -0.250258622 -0.789828672  0.153764903  107329.758147 0.778582   11.45321  186.06765  198.57764  169.46003  128.86704 
    2280.00000000 -176324.63925775  -49018.51958648    6104.85025002 -0.166136613 -0.767706262  0.151092242  107329.782641 0.778557   11.45129  186.05765  198.58308  171.08419  136.28709 
    2400.00000000 -177231.42142458  -54454.12699497    7185.48661607 -0.085067854 -0.744001567  0.148033403  107329.802609 0.778535   11.44961  186.04805  198.58793  172.66186  143.70729 
    2520.00000000 -177563.73583232  -59713.14859144    8242.48472591 -0.006561730 -0.718760309  0.144608676  107329.818457 0.778514   11.44815  186.03884  198.59219  174.20274  151.12765 
    2640.00000000 -177338.48026483  -64784.54644698    9273.27220003  0.069809946 -0.691990238  0.140829236  107329.830485 0.778496   11.44692  186.03004  198.59586  175.71545  158.54813 
    2760.00000000 -176569.65151461  -69657.21976255   10275.33063459  0.144426878 -0.663665876  0.136698419  107329.838912 0.778480   11.44593  186.02165  198.59894  177.20787  165.96872 
    2880.00000000 -175268.65299073  -74319.77625463   11246.14177160  0.217631370 -0.633731091  0.132212491  107329.843878 0.778466   11.44516  186.01367  198.60145  178.68732  173.38940 
    3000.00000000 -173444.53039609  -78760.31560396   12183.13775212  0.289737325 -0.602099929  0.127361017  107329.845462 0.778454   11.44462  186.00610  198.60338  180.16078  180.81013 
    3120.00000000 -171104.14813653  -82966.21323591   13083.65278381  0.361037779 -0.568655903  0.122126889  107329.843678 0.778444   11.44430  185.99895  198.60474  181.63509  188.23091 
    3240.00000000 -168252.31543803  -86923.89363433   13944.87382716  0.431811396 -0.533249797  0.116486022  107329.838476 0.778437   11.44421  185.99222  198.60554  183.11712  195.65170 
    3360.00000000 -164891.86832887  -90618.58225954   14763.78794247  0.502328269 -0.495695896  0.110406725  107329.829747 0.778432   11.44434  185.98591  198.60580  184.61390  203.07249 
    3480.00000000 -161023.71139825  -94034.02398835   15537.12375729  0.572855321 -0.455766412  0.103848688  107329.817308 0.778429   11.44468  185.98002  198.60551  186.13288  210.49325 
    3600.00000000 -156646.82136725  -97152.15370791   16261.28409305  0.643661538 -0.413183688  0.096761524  107329.800900 0.778428   11.44524  185.97454  198.60470  187.68205  217.91396 
    3720.00000000 -151758.21285737  -99952.70098346   16932.26607548  0.715023254 -0.367609561  0.089082727  107329.780171 0.778429   11.44600  185.96947  198.60338  189.27028  225.33460 
    3840.00000000 -146352.86521283 -102412.70506284   17545.56394158  0.787229695 -0.318630913  0.080734873  107329.754654 0.778433   11.44698  185.96481  198.60155  190.90754  232.75514 
    3960.00000000 -140423.60777444 -104505.90799734   18096.04807097  0.860588979 -0.265739987  0.071621768  107329.723743 0.778439   11.44815  185.96056  198.59924  192.60536  240.17557 
    4080.00000000 -133960.95961851 -106201.98091318   18577.81121953  0.935434758 -0.208307307  0.061623110  107329.686650 0.778448   11.44952  185.95671  198.59646  194.37728  247.59586 
    4200.00000000 -126952.91860010 -107465.51906186   18983.96903112  1.012133628 -0.145543878  0.050587007  107329.642348 0.778458   11.45107  185.95326  198.59322  196.23959  255.01599 
    4320.00000000 -119384.69396454 -108254.71115372   19306.39581892  1.091093313 -0.076447479  0.038319282  107329.589485 0.778471   11.45281  185.95019  198.58956  198.21226  262.43594 
21897 xx
       0.00000000  -14464.72135182   -4699.19517587       0.06681686 -3.249312013 -3.281032707  4.007046940
     120.00000000  -19410.46286123  -19143.03318969   23114.05522619  0.508602237 -1.156882269  2.379923455   26496.859871 0.741871   62.15077  197.99034  253.02473  153.97962   80.54276 
     240.00000000  -12686.06129708  -23853.75335645   35529.81733588  1.231633829 -0.221718202  1.118440291   26496.781237 0.741934   62.14759  197.97571  253.02601  171.17147  140.92613 
     360.00000000   -2775.46649359  -22839.64574119   39494.64689967  1.468963405  0.489481769 -0.023972788   26496.839687 0.741964   62.14587  197.96010  253.03206  184.73742  201.30255 
     480.00000000    7679.87883570  -16780.50760106   34686.21815555  1.364171080  1.211183897 -1.385151371   26496.297325 0.741948   62.14528  197.94355  253.03952  200.07778  261.67611 
     600.00000000   14552.40023028   -4819.50121461   17154.70672449  0.109201591  2.176124494 -3.854856805   26495.207377 0.741858   62.14830  197.92528  253.04126  229.46309  322.05496 
     720.00000000  -15302.38845375   -5556.43440300    1095.95088753 -2.838224312 -3.134231137  3.992596326   26506.377126 0.741895   62.15595  197.91858  253.04391  111.31257   22.43520 
     840.00000000  -19289.20066748  -19427.04851118   23759.45685636  0.552495087 -1.112499437  2.325112654   26496.951826 0.741876   62.14985  197.91054  253.03042  154.81311   82.83573 
     960.00000000  -12376.21976437  -23893.38020018   35831.33691892  1.246701529 -0.194294048  1.074867282   26496.911902 0.741938   62.14678  197.89586  253.03199  171.71101  143.21828 
    1080.00000000   -2400.55677665  -22698.62264640   39482.75964390  1.472582922  0.513555654 -0.069306561   26496.957608 0.741967   62.14513  197.88025  253.03815  185.25481  203.59410 
    1200.00000000    8031.66819252  -16455.77592085   34298.94391742  1.351357426  1.239633234 -1.448195324   26496.380587 0.741948   62.14462  197.86366  253.04560  200.78366  263.96720 
    1320.00000000   14559.48780372   -4238.43773813   16079.23154704 -0.026409655  2.218938770 -4.012628896   26495.463375 0.741856   62.14804  197.84539  253.04655  231.58436  324.34643 
    1440.00000000  -16036.04980660   -6372.51406468    2183.44834232 -2.485113443 -2.994994355  3.955891272   26505.150868 0.741884   62.15519  197.83969  253.04880  115.11312   24.72687 
    1560.00000000  -19156.71583814  -19698.89059957   24389.29473934  0.594278133 -1.069418599  2.271152044   26497.050242 0.741881   62.14912  197.83085  253.03614  155.62298   85.12605 
    1680.00000000  -12062.72925552  -23925.82362911   36120.66680667  1.261238798 -0.167201856  1.031478939   26497.044017 0.741942   62.14616  197.81614  253.03798  172.24585  145.50780 
    1800.00000000   -2024.96136966  -22551.56626703   39458.50085787  1.475816889  0.537615764 -0.114887472   26497.076220 0.741969   62.14458  197.80051  253.04425  185.77405  205.88300 
    1920.00000000    8379.80916204  -16123.95878459   33894.75123231  1.337468254  1.268432783 -1.512473301   26496.463528 0.741948   62.14417  197.78390  253.05167  201.50401  266.25564 
    2040.00000000   14527.86748873   -3646.33817120   14960.74306518 -0.180035839  2.261273515 -4.179355590   26495.793189 0.741854   62.14802  197.76565  253.05170  233.88706  326.63538 
    2160.00000000  -16680.12147335   -7149.80800425    3257.64227208 -2.178897351 -2.863927095  3.904876943   26504.107956 0.741876   62.15456  197.76082  253.05363  118.47269   27.01593 
    2280.00000000  -19013.58793448  -19958.93766022   25003.81778666  0.634100431 -1.027559823  2.218002685   26497.154495 0.741885   62.14859  197.75128  253.04186  156.41084   87.41369 
    2400.00000000  -11745.76155818  -23951.19438627   36397.87676581  1.275261813 -0.140425132  0.988259441   26497.177486 0.741945   62.14574  197.73654  253.04396  172.77630  147.79462 
    2520.00000000   -1648.81945070  -22398.50594576   39421.83273890  1.478660174  0.561671519 -0.160733093   26497.195442 0.741971   62.14423  197.72090  253.05031  186.29538  208.16922 
    2640.00000000    8723.97652795  -15784.99406275   33473.35215527  1.322433593  1.297602497 -1.578055493   26496.546072 0.741948   62.14391  197.70426  253.05770  202.23977  268.54140 
    2760.00000000   14452.25571587   -3043.42332645   13796.84870805 -0.355190169  2.302485443 -4.355767077   26496.222099 0.741852   62.14824  197.68605  253.05668  236.40228  328.92176 
    2880.00000000  -17246.31075678   -7890.72601508    4315.39410307 -1.910968458 -2.740945672  3.844722726   26503.233991 0.741869   62.15409  197.68196  253.05842  121.47357   29.30227 
22312 xx
       0.00000000    1442.10132912    6510.23625449       8.83145885 -3.475714837  0.997262768  6.835860345
      54.20286720     306.10478453   -5816.45655525   -2979.55846068  3.950663855  3.415332543 -5.879974329    6642.718546 0.026752   62.15694   77.33613  267.89573  303.10522  305.64504 
      74.20286720    3282.82085464    2077.46972905   -5189.17988770  0.097342701  7.375135692  2.900196702    6624.825593 0.024398   62.13721   77.24656  266.29227   28.81872   27.49235 
      94.20286720     530.82729176    6426.20790003    1712.37076793 -3.837120395 -1.252430637  6.561602577    6627.308251 0.023364   62.16344   77.21663  268.97599  107.89712  105.33581 
     114.20286720   -3191.69170212     170.27219912    5956.29807775 -1.394956872 -7.438073471 -0.557553115    6604.498623 0.023645   62.13093   77.14529  268.36845  186.24823  186.54840 
     134.20286720   -1818.99222465   -6322.45146616     681.95247154  3.349795173 -1.530140265 -6.831522765    6610.600269 0.021003   62.16606   77.08669  265.97855  267.32586  269.73163 
     154.20286720    2515.66448634   -2158.83091224   -5552.13320544  2.571979660  7.311930509 -1.639865620    6586.959567 0.018746   62.13265   77.04340  269.10394  347.12021  347.59256 
     174.20286720    2414.52833210    5749.10150922   -1998.59693165 -2.681032960  3.527589301  6.452951429    6591.210605 0.018928   62.16234   76.96310  269.04401   70.76403   68.72577 
     194.20286720   -1877.98944331    3862.27848302    5112.48435863 -3.261489804 -6.026859137  3.433254768    6572.299909 0.017737   62.13955   76.93610  265.71165  154.29478  153.40253 
     214.20286720   -3117.36584395   -4419.74773864    3840.85960912  1.545479182 -5.475416581 -5.207913748    6568.290657 0.015683   62.15118   76.83990  269.11278  229.97934  231.36608 
     234.20286720     815.32034678   -5231.67692249   -3760.04690354  3.870864200  4.455588552 -5.211082191    6559.514692 0.014818   62.15119   76.82210  269.22619  311.68108  312.93988 
     254.20286720    3269.54341810    3029.00081083   -4704.67969713 -0.526711345  6.812157950  3.929825087    6546.655266 0.013052   62.14224   76.72370  264.90758   39.89561   38.94350 
     274.20286720     -10.18099756    6026.23341453    2643.50518407 -3.953623254 -2.616070012  6.145637500    6545.045007 0.011557   62.15933   76.70079  268.43848  118.58142  117.41361 
     294.20286720   -3320.58819584   -1248.42679945    5563.06017927 -0.637046974 -7.417786044 -2.076120187    6525.182137 0.011655   62.13358   76.61292  270.70175  196.79172  197.18082 
     314.20286720   -1025.48974616   -6366.98945782    -911.23559153  3.811771909  0.438071490 -6.829260617    6530.236479 0.009674   62.16606   76.57180  263.90261  285.20054  286.26827 
     334.20286720    3003.75996128    -413.85708003   -5706.15591435  1.674350083  7.694169068  0.316915204    6505.809714 0.006812   62.13025   76.50361  266.53577    6.11285    6.03015 
     354.20286720    1731.42816980    6258.27676925    -409.32527982 -3.400497806  1.447945424  6.904010052    6512.759852 0.006901   62.16689   76.44254  273.84360   82.07677   81.29403 
     374.20286720   -2582.52111460    2024.19020680    5647.55650268 -2.530348121 -7.221719393  1.438141553    6488.800677 0.006638   62.13168   76.39375  264.49404  173.48932  173.40265 
     394.20286720   -2440.56848578   -5702.77311877    1934.81094689  2.731792947 -3.350576075 -6.527773339    6493.258247 0.003791   62.16296   76.31134  261.18239  259.13982  259.56671 
     414.20286720    1951.22934391   -3423.59443045   -5121.67808201  3.249039133  6.465974362 -3.069806659    6473.400700 0.002272   62.13728   76.28059  284.11455  319.58606  319.75463 
     434.20286720    2886.50939356    4888.68626216   -3096.29885989 -1.973162139  4.877039020  5.832414910    6472.694636 0.001962   62.15632   76.18354  265.26538   61.94893   61.75066 
     454.20286720   -1276.55532182    4553.26898463    4406.19787375 -3.715146421 -5.320176914  4.418210777    6459.011842 0.000744   62.14506   76.16223  208.53565  201.91230  201.94413 
     474.20286720   -3181.54698042   -3831.29976506    4096.80242787  1.114159970 -6.104773578 -4.829967400    6451.410530 0.001204   62.14799   76.05860   64.93389   69.13248   69.00356 
22674 xx
       0.00000000   14712.22023280   -1443.81061850       0.83497888  4.418965470  1.629592098  4.115531802
     120.00000000   25418.88807860    9342.60307989   23611.46690798  0.051284086  1.213127306  2.429004159   26907.458085 0.754417   63.47604  354.38565  253.38947  153.87313   77.66552 
     240.00000000   21619.59550749   16125.24978864   36396.79365831 -0.963604380  0.685454965  1.177181937   26907.325336 0.754473   63.47280  354.37023  253.39044  170.50412  136.67025 
     360.00000000   12721.50543331   19258.96193362   40898.47648359 -1.457448565  0.179955469  0.071502601   26907.387720 0.754498   63.47098  354.35397  253.39603  183.35230  195.66846 
     480.00000000    1272.80760054   18458.41971897   37044.74742696 -1.674863386 -0.436454983 -1.201040990   26906.929058 0.754481   63.47015  354.33691  253.40306  197.36471  254.66389 
     600.00000000  -10058.43188619   11906.60764454   21739.62097733 -1.245829683 -1.543789125 -3.324449221   26905.532280 0.754395   63.47189  354.31822  253.40660  221.31688  313.66208 
     720.00000000   10924.40116466   -2571.92414170   -2956.34856294  6.071727751  1.349579102  3.898430260   26924.874279 0.754482   63.48004  354.30550  253.40888   90.05127   12.66254 
     840.00000000   25332.14851525    8398.91099924   21783.90654357  0.222320754  1.272214306  2.580527192   26907.415585 0.754370   63.47512  354.30117  253.39438  151.57466   71.68603 
     960.00000000   22317.71926039   15574.82086129   35495.77144092 -0.892750056  0.737383381  1.291738834   26907.136718 0.754427   63.47168  354.28600  253.39442  169.10124  130.69255 
    1080.00000000   13795.68675885   19088.83051008   40803.69584385 -1.420277669  0.235599456  0.185517056   26907.221826 0.754456   63.46978  354.26988  253.39960  182.06939  189.69196 
    1200.00000000    2515.17145049   18746.63776282   37864.58088636 -1.668016053 -0.360431458 -1.052854596   26906.836850 0.754442   63.46888  354.25300  253.40648  195.74701  248.68829 
    1320.00000000   -9084.48602106   12982.62608646   24045.63900249 -1.378032363 -1.373184736 -3.013963835   26905.468052 0.754365   63.47013  354.23461  253.41088  217.63766  307.68629 
    1440.00000000    5647.00909495   -3293.90518693   -5425.85235063  8.507977176  0.414560797  2.543322806   26916.419746 0.754397   63.47401  354.21856  253.40304   61.05270    6.69597 
    1560.00000000   25111.63372210    7412.55109488   19844.25781729  0.416496290  1.332106006  2.739301737   26907.415219 0.754321   63.47443  354.21714  253.39870  149.06252   65.71090 
    1680.00000000   22961.47461641   14985.74459578   34511.09257381 -0.816711048  0.789391108  1.407901804   26906.932098 0.754378   63.47076  354.20225  253.39770  167.66017  124.71940 
    1800.00000000   14841.15301459   18876.91439870   40626.25901619 -1.380403341  0.290228810  0.298258120   26907.034343 0.754410   63.46879  354.18629  253.40242  180.79350  183.72011 
    1920.00000000    3750.70174081   18978.57939698   38578.11783220 -1.656939412 -0.287930881 -0.910825599   26906.716939 0.754401   63.46780  354.16960  253.40912  194.19600  242.71744 
    2040.00000000   -8027.30219489   13939.54436955   26136.49045637 -1.474476061 -1.222693624 -2.737178731   26905.432560 0.754332   63.46868  354.15151  253.41411  214.43335  301.71559 
    2160.00000000   -1296.95657092   -2813.69369768   -5871.09587258  9.881929371 -1.978467207 -1.922261005   26883.700203 0.754077   63.46772  354.14317  253.40459    7.90472    0.72987 
    2280.00000000   24738.60364819    6383.41644019   17787.27631900  0.639556952  1.392554379  2.906206324   26907.483254 0.754270   63.47397  354.13359  253.40242  146.28464   59.74047 
    2400.00000000   23546.85388669   14358.15602832   33441.67679479 -0.734895006  0.841564851  1.526009909   26906.714161 0.754328   63.47004  354.11905  253.40024  166.17409  118.75114 
    2520.00000000   15855.87696303   18624.05633582   40367.13420574 -1.337753546  0.343969522  0.410018472   26906.827196 0.754362   63.46798  354.10325  253.40448  179.52076  177.75324 
    2640.00000000    4976.44933591   19156.75504042   39189.68603184 -1.642084365 -0.218525096 -0.774148204   26906.571770 0.754358   63.46693  354.08675  253.41096  192.70182  236.75165 
    2760.00000000   -6909.20746210   14790.44707042   28034.46732222 -1.545152610 -1.088119523 -2.487447214   26905.395361 0.754297   63.46749  354.06895  253.41636  211.59125  295.75019 
    2880.00000000   -7331.65006707    -604.17323419   -2723.51014575  6.168997265 -3.634011554 -5.963531682   26933.124775 0.754439   63.47616  354.06279  253.40074  309.43120  354.77146 
23177 xx
       0.00000000   -8801.60046706      -0.03357557      -0.44522743 -3.835279101 -7.662552175  0.944561323
     120.00000000   -1684.34352858  -31555.95196340    3888.99944319  2.023055719 -2.151306405  0.265065778   24533.556628 0.726309    7.02569  179.98604  295.86847  151.11295   76.24871 
     240.00000000   12325.51410155  -38982.15046244    4802.88832275  1.763224157 -0.102514446  0.012397139   24535.063743 0.726253    7.02627  179.93731  295.94437  171.54026  144.01598 
     360.00000000   22773.66831936  -34348.02176606    4228.77407391  1.067616787  1.352427865 -0.166956367   24535.091257 0.726257    7.02729  179.89316  296.01267  187.44063  211.78375 
     480.00000000   26194.40441089  -19482.94203672    2393.84774063 -0.313732186  2.808771328 -0.346204118   24533.751450 0.726320    7.02875  179.85325  296.07927  207.21937  279.55139 
     600.00000000    8893.50573448    5763.38890561    -713.69884164 -7.037399220  3.022613131 -0.370272416   24520.628247 0.726345    7.02924  179.84007  296.13713  277.16591  347.31846 
     720.00000000   -6028.75686537  -25648.99913786    3164.37107274  1.883159288 -3.177051976  0.390793162   24532.189912 0.726367    7.02732  179.79385  296.22247  140.85102   55.10752 
     840.00000000    8313.57299056  -38146.45710922    4697.80777535  1.905002133 -0.625883074  0.076098187   24534.787965 0.726296    7.02762  179.74233  296.30406  166.15696  122.87439 
     960.00000000   20181.29108622  -36842.60674073    4529.12568218  1.326244476  0.921916487 -0.114527455   24535.156043 0.726280    7.02857  179.69683  296.37408  182.45877  190.64204 
    1080.00000000   26302.61794569  -25173.39539436    3084.65309986  0.245398835  2.329974347 -0.287495880   24534.376694 0.726324    7.02989  179.65505  296.44113  199.94463  258.40976 
    1200.00000000   19365.07045602   -2700.00490122     317.42727417 -3.009733018  3.902496058 -0.478928582   24529.499476 0.726412    7.03179  179.62568  296.50563  235.87466  326.17662 
    1320.00000000   -9667.81878780  -16930.19112642    2095.87469034  1.279288285 -4.736005905  0.582878255   24529.352730 0.726417    7.02957  179.60155  296.57427  124.28032   33.96638 
    1440.00000000    4021.31438583  -36066.09209609    4442.91587411  2.007322354 -1.227461376  0.149383897   24534.345104 0.726341    7.02914  179.54665  296.66430  160.10042  101.73272 
23333 xx
       0.00000000   -9301.24542292    3326.10200382    2318.36441127 -8.729303005 -0.828225037 -0.122314827
     120.00000000  -44672.91239679   -6213.11996581   -1738.80131727 -3.719475070 -1.336673022 -0.621888261  240976.999959 0.990604   30.27700    4.13167   29.05780  155.32431    2.42176 
     240.00000000  -67053.08885387  -14994.69685946   -5897.99072793 -2.860576613 -1.183771565 -0.568473909  241189.754900 0.990674   30.28101    4.15169   29.05235  160.71290    4.53566 
     360.00000000  -85227.84253168  -22897.08484471   -9722.59184564 -2.426469823 -1.078592475 -0.525341431  241282.272263 0.990736   30.28476    4.16382   29.05289  163.48882    6.64761 
     480.00000000 -100986.00419136  -30171.19698695  -13283.77044765 -2.147108978 -1.000530827 -0.491587582  241335.764122 0.990793   30.28821    4.17269   29.05600  165.29942    8.75798 
     600.00000000 -115093.00686386  -36962.56316477  -16634.15682929 -1.945446188 -0.938947736 -0.464199202  241371.234120 0.990845   30.29123    4.17959   29.06072  166.61940   10.86697 
     720.00000000 -127965.80064891  -43363.32967165  -19809.90480432 -1.789652016 -0.888278463 -0.441254468  241396.765047 0.990893   30.29375    4.18503   29.06669  167.64656   12.97470 
     840.00000000 -139863.28332206  -49436.45704153  -22836.80438139 -1.663762568 -0.845315913 -0.421548627  241416.185276 0.990937   30.29572    4.18925   29.07372  168.48088   15.08127 
     960.00000000 -150960.22978258  -55227.45413896  -25734.01408879 -1.558730986 -0.808061065 -0.404293846  241431.561485 0.990977   30.29708    4.19238   29.08171  169.17939   17.18680 
    1080.00000000 -161381.71414630  -60770.64040903  -28516.26290017 -1.468977174 -0.775190459 -0.388951810  241444.115315 0.991012   30.29782    4.19450   29.09062  169.77751   19.29136 
    1200.00000000 -171221.18736947  -66092.76474442  -31195.19847387 -1.390837596 -0.745785633 -0.375140398  241454.618838 0.991043   30.29790    4.19565   29.10040  170.29862   21.39505 
    1320.00000000 -180550.82888745  -71215.23290630  -33780.24938270 -1.321788672 -0.719184752 -0.362579495  241463.585717 0.991070   30.29731    4.19584   29.11102  170.75892   23.49796 
    1440.00000000 -189427.87533074  -76155.54943344  -36279.19882816 -1.260024473 -0.694896053 -0.351058133  241471.371865 0.991092   30.29602    4.19510   29.12248  171.17008   25.60017 
    1560.00000000 -197898.69401408  -80928.29015181  -38698.57972447 -1.204211888 -0.672544709 -0.340413731  241478.232115 0.991110   30.29403    4.19343   29.13475  171.54074   27.70177 
    1600.00000000 -200638.82986236  -82484.14969882  -39488.34331447 -1.186748462 -0.665472422 -0.337037582  241480.346998 0.991115   30.29321    4.19267   29.13901  171.65649   28.40219 
23599 xx
       0.00000000    9892.63794341      35.76144969      -1.08228838  3.556643237  6.456009375  0.783610890
      20.00000000   11931.95642997    7340.74973750     886.46365987  0.308329116  5.532328972  0.672887281   15547.639884 0.578405    6.93653    0.26070  274.48712  117.04004   47.66159 
      40.00000000   11321.71039205   13222.84749156    1602.40119049 -1.151973982  4.285810871  0.521919425   15548.648720 0.578320    6.93525    0.24878  274.51478  134.87356   70.04965 
      60.00000000    9438.29395675   17688.05450261    2146.59293402 -1.907904054  3.179955046  0.387692479   15549.186862 0.578245    6.93440    0.23242  274.54248  147.31616   92.43953 
      80.00000000    6872.08634639   20910.11016811    2539.79945034 -2.323995367  2.207398462  0.269506121   15549.486273 0.578186    6.93388    0.21466  274.56894  157.14899  114.83060 
     100.00000000    3933.37509798   23024.07662542    2798.25966746 -2.542860616  1.327134966  0.162450076   15549.642324 0.578144    6.93359    0.19650  274.59422  165.58553  137.22247 
     120.00000000     816.64091546   24118.98675475    2932.69459428 -2.626838010  0.504502763  0.062344306   15549.698730 0.578118    6.93348    0.17828  274.61865  173.27932  159.61484 
     140.00000000   -2334.41705804   24246.86096326    2949.36448841 -2.602259646 -0.288058266 -0.034145135   15549.675101 0.578110    6.93351    0.16016  274.64256  180.65778  182.00752 
     160.00000000   -5394.31798039   23429.42716149    2850.86832586 -2.474434068 -1.074055982 -0.129868366   15549.576661 0.578119    6.93368    0.14223  274.66632  188.06639  204.40031 
     180.00000000   -8233.35130237   21661.24480883    2636.51456118 -2.230845533 -1.875742344 -0.227528603   15549.396515 0.578144    6.93400    0.12463  274.69022  195.85812  226.79303 
     200.00000000  -10693.96497348   18909.88168891    2302.33707548 -1.835912433 -2.716169865 -0.329931880   15549.112469 0.578187    6.93449    0.10761  274.71455  204.48747  249.18545 
     220.00000000  -12553.89669904   15114.63990716    1840.93573231 -1.212478879 -3.619036996 -0.439970633   15548.675352 0.578247    6.93519    0.09173  274.73948  214.67454  271.57728 
     240.00000000  -13450.20591864   10190.57904289    1241.95958736 -0.189082511 -4.596701971 -0.559173899   15547.975265 0.578323    6.93616    0.07840  274.76476  227.80443  293.96806 
     260.00000000  -12686.60437121    4079.31106161     498.27078614  1.664498211 -5.559889865 -0.676747779   15546.730594 0.578406    6.93733    0.07140  274.78863  247.19157  316.35707 
     280.00000000   -8672.55867753   -2827.56823315    -342.59644716  5.515079852 -5.551222962 -0.676360044   15544.044597 0.578461    6.93732    0.07850  274.80667  283.29665  338.74368 
     300.00000000    1153.31498060   -6411.98692060    -779.87288941  9.689818102  1.388598425  0.167868798   15540.151056 0.578418    6.93363    0.04848  274.86266    5.21285    1.13691 
     320.00000000    9542.79201056    -533.71253081     -65.73165428  3.926947087  6.459583539  0.785686755   15544.325477 0.578457    6.93773    0.03892  274.89945   81.83666   23.52872 
     340.00000000   11868.80960100    6861.59590848     833.72780602  0.452957852  5.632811328  0.685262323   15546.638124 0.578393    6.93667    0.04257  274.91978  115.25329   45.91605 
     360.00000000   11376.23941678   12858.97121366    1563.40660172 -1.087665695  4.374693347  0.532207051   15547.702838 0.578308    6.93536    0.03111  274.94744  133.73124   68.30585 
     380.00000000    9547.70300782   17421.48570758    2118.56907515 -1.876540262  3.253891728  0.395810243   15548.266948 0.578232    6.93448    0.01484  274.97532  146.46226   90.69752 
     400.00000000    7008.51470263   20725.47471227    2520.56064289 -2.308703599  2.270724438  0.276138613   15548.580815 0.578171    6.93394  359.99708  275.00194  156.44477  113.09042 
     420.00000000    4083.18551180   22910.88306802    2786.35642660 -2.536610941  1.383768875  0.168165414   15548.746196 0.578127    6.93365  359.97890  275.02509  164.96308  135.48414 
     440.00000000     970.13107533   24071.19896282    2927.30875440 -2.626673095  0.557274717  0.067549303   15548.809528 0.578101    6.93353  359.96067  275.04957  172.69841  157.87839 
     460.00000000   -2183.75499348   24261.30188126    2950.09189560 -2.607082241 -0.236785937 -0.029112844   15548.791850 0.578091    6.93356  359.94255  275.07350  180.08944  180.27296 
     480.00000000   -5252.49066783   23505.58108388    2857.68628654 -2.484465059 -1.022158411 -0.124702643   15548.699379 0.578099    6.93373  359.92464  275.09723  187.48464  202.66766 
     500.00000000   -8107.41437587   21801.13395060    2649.76852683 -2.247669530 -1.821071275 -0.221914939   15548.526223 0.578123    6.93404  359.90706  275.12106  195.23352  225.06231 
     520.00000000  -10594.01813094   19118.22269010    2322.77197767 -1.863224062 -2.656353699 -0.323512642   15548.251661 0.578165    6.93453  359.89004  275.14528  203.77849  247.45667 
     540.00000000  -12496.70758499   15399.13096351    1869.75958053 -1.258272118 -3.551534022 -0.432332913   15547.829395 0.578223    6.93521  359.87414  275.17007  213.80992  269.85047 
     560.00000000  -13467.50382653   10561.43040038    1280.84842178 -0.272050695 -4.520503543 -0.550014833   15547.156493 0.578298    6.93616  359.86065  275.19522  226.63573  292.24327 
     580.00000000  -12848.00717497    4541.72432009     548.59976478  1.493938056 -5.489644146 -0.667479244   15545.972649 0.578381    6.93731  359.85308  275.21918  245.32760  314.63435 
     600.00000000   -9152.79920397   -2343.88902799    -287.93741332  5.127695273 -5.650584983 -0.686013644   15543.459346 0.578442    6.93752  359.85908  275.23760  279.36962  337.02301 
     620.00000000     280.12478642   -6500.11368508    -790.36236302  9.779642904  0.581430120  0.074124421   15539.236200 0.578399    6.93356  359.83531  275.28812  357.32500  359.41698 
     640.00000000    9166.21406115   -1093.48756223    -129.53833135  4.316926785  6.438465969  0.785095966   15543.160173 0.578440    6.93774  359.81926  275.33065   77.99870   21.81182 
     660.00000000   11794.74563870    6381.74484842     780.82775971  0.604642523  5.731705440  0.697571522   15545.631707 0.578381    6.93681  359.82453  275.35007  113.41898   44.20092 
     680.00000000   11424.80363789   12493.80833338    1524.27683836 -1.021148661  4.463489406  0.542537702   15546.755208 0.578296    6.93546  359.81358  275.37769  132.57712   66.59244 
     700.00000000    9652.78920084   17153.46470428    2090.43413681 -1.844382696  3.327595388  0.403924198   15547.346222 0.578219    6.93456  359.79741  275.40574  145.60771   88.98590 
     720.00000000    7141.24742526   20538.97115158    2501.18059966 -2.293079623  2.333598993  0.282727441   15547.674882 0.578157    6.93401  359.77965  275.43253  155.74446  111.38063 
24208 xx
       0.00000000    7534.10987189   41266.39266843      -0.10801028 -3.027168008  0.558848996  0.207982755
     120.00000000  -14289.19940414   39469.05530051    1428.62838591 -2.893205245 -1.045447840  0.179634249   42024.500475 0.002654    3.86558   79.65742  312.66242   77.63903   77.34205 
     240.00000000  -32222.92014955   26916.25425799    2468.59996594 -1.973007929 -2.359335071  0.102539376   42024.497963 0.002634    3.86588   79.65846  312.63807  107.88694  107.59947 
     360.00000000  -41413.95109398    7055.51656639    2838.90906671 -0.521665080 -3.029172207 -0.002066843   42024.499163 0.002618    3.86620   79.65863  312.40232  138.26911  138.06914 
     480.00000000  -39402.72251896  -14716.42475223    2441.32678358  1.066928187 -2.878714619 -0.105865729   42024.507506 0.002609    3.86660   79.65889  312.01640  168.74732  168.68887 
     600.00000000  -26751.08889828  -32515.13982431    1384.38865570  2.366228869 -1.951032799 -0.181018498   42024.519242 0.002610    3.86703   79.66015  311.58105  199.25820  199.35703 
     720.00000000   -6874.77975542  -41530.38329422     -46.60245459  3.027415087 -0.494671177 -0.207337260   42024.527224 0.002621    3.86741   79.66238  311.21855  229.72192  229.95138 
     840.00000000   14859.52039042  -39302.58907247   -1465.02482524  2.869609883  1.100123969 -0.177514425   42024.527998 0.002639    3.86772   79.66463  311.03449  260.06924  260.36725 
     960.00000000   32553.14863770  -26398.88401807   -2485.45866002  1.930064459  2.401574539 -0.099250520   42024.525303 0.002659    3.86799   79.66596  311.07613  290.27270  290.55832 
    1080.00000000   41365.67576837   -6298.09965811   -2828.05254033  0.459741276  3.051680214  0.006431872   42024.526426 0.002675    3.86829   79.66643  311.32285  320.34986  320.54516 
    1200.00000000   38858.83295070   15523.39314924   -2396.86850752 -1.140211488  2.867567143  0.110637217   42024.534772 0.002683    3.86866   79.66700  311.70605  350.34393  350.39541 
    1320.00000000   25701.46068162   33089.42617648   -1308.68556638 -2.428713821  1.897381431  0.184605907   42024.546226 0.002682    3.86906   79.66860  312.12783   20.31252   20.20605 
    1440.00000000    5501.08137100   41590.27784405     138.32522930 -3.050691874  0.409203052  0.207958133   42024.553346 0.002670    3.86942   79.67113  312.47555   50.32501   50.08981 
25954 xx
       0.00000000    8827.15660472  -41223.00971237       3.63482963  3.007087319  0.643701323  0.000941663
   -1440.00000000    8118.18519221  -41368.40537378       4.11046687  3.017696741  0.591994297  0.000933016   42165.952546 0.000212    0.01826  263.28658    0.08473   17.73139   17.72400 
   -1320.00000000   27766.34015328  -31724.97000557       9.93297846  2.314236153  2.024903193  0.000660861   42165.953664 0.000202    0.01827  263.55896    4.53123   43.10289   43.08709 
   -1200.00000000   39932.57237973  -13532.60040454      13.12958252  0.987382819  2.911942843  0.000213298   42165.954780 0.000185    0.01828  263.82834    7.48564   69.96520   69.94525 
   -1080.00000000   41341.01365441    8305.71681955      12.84988501 -0.605098224  3.014378268 -0.000291034   42165.955896 0.000166    0.01828  264.09508    7.81431   99.45052   99.43179 
    -960.00000000   31614.99210558   27907.29155353       9.16618797 -2.034243523  2.305014102 -0.000718418   42165.957013 0.000148    0.01829  264.35996    4.37903  132.69660  132.68414 
    -840.00000000   13375.75227587   39994.27017651       3.05416854 -2.915424366  0.975119874 -0.000955576   42165.958132 0.000138    0.01829  264.62314  357.18833  169.69644  169.69360 
    -720.00000000   -8464.89963309   41312.93549892      -3.86622919 -3.011600615 -0.617275050 -0.000939664   42165.959256 0.000141    0.01828  264.88378  348.92929  207.76640  207.77396 
    -600.00000000  -28026.23406158   31507.89995661      -9.76047869 -2.296840160 -2.043607595 -0.000674889   42165.960382 0.000156    0.01828  265.14051  343.32723  243.18532  243.20122 
    -480.00000000  -40040.01314363   13218.00579413     -13.06594832 -0.963328772 -2.919827983 -0.000231414   42165.961510 0.000175    0.01827  265.39256  341.75501  274.58335  274.60332 
    -360.00000000  -41268.43291976   -8632.06859693     -12.90661266  0.630042315 -3.009677376  0.000273163   42165.962640 0.000194    0.01826  265.64018  343.47087  302.70310  302.72177 
    -240.00000000  -31377.85317015  -28156.13970334      -9.32605530  2.054021717 -2.288554158  0.000704959   42165.963767 0.000207    0.01825  265.88409  347.26878  328.74956  328.76189 
    -120.00000000  -13031.41552688  -40092.33381029      -3.27636660  2.924657466 -0.950541167  0.000949381   42165.964892 0.000214    0.01824  266.12445  352.11869  353.75088  353.75355 
       0.00000000    8827.15660472  -41223.00971237       3.63482963  3.007087319  0.643701323  0.000941663   42165.966014 0.000212    0.01823  266.36034  357.17442   18.55157   18.54386 
     120.00000000   28306.85426674  -31243.80147394       9.57216891  2.279137743  2.064316875  0.000684127   42165.967131 0.000201    0.01821  266.59035    1.63038   43.95582   43.93980 
     240.00000000   40159.05128805  -12845.39151157      12.96086316  0.937265422  2.928448287  0.000245505   42165.968247 0.000185    0.01820  266.81362    4.56410   70.88473   70.86473 
     360.00000000   41192.55903455    9013.79606759      12.90495666 -0.656727442  3.003543458 -0.000257479   42165.969362 0.000165    0.01818  267.03031    4.83519  100.47747  100.45887 
     480.00000000   31131.69755798   28445.55681731       9.42419238 -2.073484842  2.269770851 -0.000691233   42165.970479 0.000147    0.01816  267.24108    1.31773  133.85967  133.84748 
     600.00000000   12687.81846530   40217.83324639       3.44726249 -2.931721827  0.924962230 -0.000940766   42165.971598 0.000138    0.01815  267.44605  354.08983  170.95481  170.95232 
     720.00000000   -9172.23500245   41161.63475527      -3.43575757 -3.000571486 -0.668847508 -0.000940101   42165.972721 0.000142    0.01813  267.64430  345.92562  208.99231  209.00019 
     840.00000000  -28562.51093192   31022.45987587      -9.39562161 -2.261449202 -2.082713897 -0.000689669   42165.973847 0.000156    0.01812  267.83437  340.51661  244.28492  244.30103 
     960.00000000  -40260.77504549   12529.11484344     -12.84915105 -0.913097031 -2.935933528 -0.000256181   42165.974975 0.000176    0.01810  268.01532  339.14171  275.55688  275.57690 
    1080.00000000  -41114.14376538   -9338.87194483     -12.87952404  0.681588815 -2.998432565  0.000245006   42165.976104 0.000194    0.01809  268.18725  341.02107  303.58899  303.60752 
    1200.00000000  -30890.01512240  -28690.40750792      -9.48037212  2.092989805 -2.252978152  0.000680459   42165.977231 0.000208    0.01808  268.35079  344.94953  329.58538  329.59743 
    1320.00000000  -12341.46194020  -40310.06316386      -3.55833201  2.940537098 -0.900219523  0.000934170   42165.978355 0.000214    0.01806  268.50607  349.90448  354.56679  354.56911 
    1440.00000000    9533.27750818  -41065.52390214       3.30756482  2.995596171  0.695200236  0.000938525   42165.979476 0.000211    0.01805  268.65217  355.04352   19.37391   19.36587 
26900 xx
       0.00000000  -42014.83795787    3702.34357772     -26.67500257 -0.269775247 -3.061854393  0.000336726
    9300.00000000   40968.68133298   -9905.99156086      11.84946837  0.722756848  2.989645389 -0.000161261   42164.804946 0.000370    0.01639  245.84523  106.55383  354.00805  354.01248 
    9360.00000000   42135.66858481    1072.99195618      10.83481752 -0.078150602  3.074772455 -0.000380063   42164.802089 0.000370    0.01634  245.78302  108.15972    7.51599    7.51044 
    9400.00000000   41304.75156132    8398.27742944       9.74006214 -0.612515135  3.014117469 -0.000511575   42164.800183 0.000369    0.01631  245.74363  109.20942   16.53993   16.52790 
26975 xx
       0.00000000  -14506.92313768  -21613.56043281      10.05018894  2.212943308  1.159970892  3.020600202
     120.00000000    7309.62197950    6076.00713664    6800.08705263  1.300543383  5.322579615 -4.788746312   26123.430795 0.560055   68.48502  236.11550  123.78255   17.50435    4.13569 
     240.00000000   -3882.62933791   11960.00543452  -25088.14383845 -2.146773699 -1.372461491 -2.579382089   26117.094094 0.560030   68.48255  236.11443  123.77236  130.16664   65.84319 
     360.00000000  -16785.45507465    -734.79159704  -34300.57085853 -1.386528125 -1.907762641 -0.220949641   26118.388170 0.560093   68.48218  236.10787  123.77792  161.35346  127.52798 
     480.00000000  -23524.16689356  -13629.45124622  -30246.27899200 -0.462846784 -1.586139830  1.269293624   26119.074015 0.560048   68.48302  236.10257  123.78344  183.14113  189.21587 
     600.00000000  -22890.23597092  -22209.35900155  -16769.91946116  0.704351342 -0.671112594  2.432433851   26120.022333 0.559971   68.48423  236.09846  123.78014  206.20327  250.91642 
     720.00000000  -11646.39698980  -19855.44222106    3574.00109607  2.626712727  1.815887329  2.960883901   26123.557757 0.559989   68.48478  236.09673  123.76915  245.72319  312.62862 
     840.00000000    7665.76124241   11159.78946577     345.93813117 -0.584818007  3.193514161 -5.750338922   26128.111827 0.560064   68.48452  236.09161  123.78113   54.64555   14.30864 
     960.00000000   -6369.35388112   10204.80073022  -27844.52150384 -2.050573276 -1.582940542 -2.076075232   26117.264751 0.560008   68.48025  236.08813  123.76097  136.91298   76.02292 
    1080.00000000  -18345.64763145   -2977.76684430  -34394.90760612 -1.243589864 -1.892050757  0.060372061   26118.511579 0.560049   68.48020  236.08183  123.76787  165.20099  137.70692 
    1200.00000000  -23979.74839255  -15436.44139571  -28616.50540218 -0.294973425 -1.482987916  1.478255628   26119.147672 0.559994   68.48109  236.07674  123.77219  186.64105  199.39680 
    1320.00000000  -21921.97167880  -22852.45147658  -13784.85308485  0.945455629 -0.428940995  2.596964378   26120.310477 0.559921   68.48230  236.07292  123.76700  210.82696  261.10009 
    1440.00000000   -8266.43821031  -17210.74590112    6967.95546070  3.082244069  2.665881872  2.712555075   26124.004698 0.559972   68.48211  236.07180  123.75853  257.86554  322.81033 
    1560.00000000    6286.85464535   13809.56328971   -6321.60663781 -1.615964016  1.383135377 -5.358719132   26122.917327 0.559937   68.48158  236.06767  123.76721   80.65129   24.49451 
    1680.00000000   -8730.87526788    8244.63344365  -30039.92372791 -1.935622871 -1.724162072 -1.631224738   26117.478389 0.559986   68.47788  236.06204  123.74978  142.76672   86.20365 
    1800.00000000  -19735.81883249   -5191.76593007  -34166.14974143 -1.097835530 -1.860148418  0.324401050   26118.605682 0.560006   68.47806  236.05598  123.75720  168.89495  147.88781 
    1920.00000000  -24232.73847703  -17112.08243255  -26742.88893252 -0.119786184 -1.364365317  1.680220468   26119.222985 0.559943   68.47901  236.05109  123.76015  190.20605  209.57989 
    2040.00000000  -20654.45640708  -23184.54386047  -10611.55144716  1.209238113 -0.144169639  2.748054938   26120.678068 0.559878   68.48021  236.04757  123.75306  215.90508  271.28600 
    2160.00000000   -4337.15988957  -13410.46817244    9870.45949215  3.532753095  3.772236461  2.088424247   26122.898351 0.559941   68.47877  236.04681  123.75107  274.31892  332.98989 
    2280.00000000    4074.62263523   14698.07548285  -12248.65327973 -2.053824693  0.203325817 -4.607867718   26119.097375 0.559863   68.47808  236.04261  123.74764   98.55754   34.68590 
    2400.00000000  -10950.23438984    6148.66879447  -31736.65532865 -1.809875605 -1.816179062 -1.233364913   26117.683728 0.559964   68.47548  236.03606  123.73851  147.97055   96.38594 
    2520.00000000  -20952.40702045   -7358.71507895  -33633.06643074 -0.948973031 -1.813594137  0.573893078   26118.675744 0.559965   68.47586  236.03022  123.74587  172.47957  158.07093 
    2640.00000000  -24273.48944134  -18637.15546906  -24633.27702390  0.064161440 -1.228537560  1.875728935   26119.308045 0.559896   68.47687  236.02552  123.74734  193.87346  219.76538 
    2760.00000000  -19057.55468077  -23148.29322082   -7269.38614178  1.500802809  0.195383037  2.879031237   26121.149245 0.559844   68.47804  236.02234  123.73842  221.59010  281.47429 
    2880.00000000      43.69305308   -8145.90299207   11634.57079913  3.780661682  5.105315423  0.714401345   26117.810052 0.559844   68.47478  236.02094  123.74576  297.96752  343.16761 
28057 xx
       0.00000000   -2715.28237486   -6619.26436889      -0.01341443 -1.008587273  0.422782003  7.385272942
     120.00000000   -1816.87920942   -1835.78762132    6661.07926465  2.325140071  6.655669329  2.463394512    7141.722420 0.000733   98.43247  247.77409  190.10727  240.37724  240.45032 
     240.00000000    1483.17364291    5395.21248786    4448.65907172  2.560540387  4.039025766 -5.736648561    7150.634302 0.001327   98.42718  247.86422   64.96514   76.04906   75.90151 
     360.00000000    2801.25607157    5455.03931333   -3692.12865694 -0.595095864 -3.951923117 -6.298799125    7152.859496 0.000920   98.42585  247.93548   70.63950  140.78913  140.72247 
     480.00000000     411.09332812   -1728.99769152   -6935.45548810 -2.935970964 -6.684085058  1.492800886    7140.468571 0.002671   98.43323  248.02387  100.29964  181.38128  181.38868 
     600.00000000   -2506.52558454   -6628.98655094    -988.07784497 -1.390577189 -0.556164143  7.312736468    7157.431896 0.001029   98.42314  248.10462   67.53469  284.44116  284.55537 
     720.00000000   -2090.79884266   -2723.22832193    6266.13356576  1.992640665  6.337529519  3.411803080    7143.574136 0.000886   98.43137  248.18007  166.05327  256.39213  256.49078 
     840.00000000    1091.80560222    4809.88229503    5172.42897894  2.717483546  4.805518977 -5.030019896    7148.110626 0.001198   98.42868  248.27134   49.68975   83.28852   83.15214 
     960.00000000    2811.14062300    5950.65707171   -2813.23705389 -0.159662742 -3.121215491 -6.775341949    7154.921987 0.000795   98.42463  248.34337   88.51298  114.89934  114.81668 
    1080.00000000     805.72698304    -812.16627907   -7067.58483968 -2.798936020 -6.889265977  0.472770873    7139.804854 0.002770   98.43363  248.42943   93.17468  180.50158  180.50436 
    1200.00000000   -2249.59837532   -6505.84890714   -1956.72365062 -1.731234729 -1.528750230  7.096660885    7156.398336 0.000858   98.42375  248.51302   74.97745  268.97704  269.07531 
    1320.00000000   -2311.57375797   -3560.99112891    5748.16749600  1.626569751  5.890482233  4.293545048    7145.830676 0.001047   98.43003  248.58640  145.84123  268.56600  268.68597 
    1440.00000000     688.16056594    4124.87618964    5794.55994449  2.810973665  5.479585563 -4.224866316    7145.636740 0.001046   98.43015  248.67804   32.21547   92.72571   92.60596 
    1560.00000000    2759.94088230    6329.87271798   -1879.19518331  0.266930672 -2.222670878 -7.119390567    7156.505662 0.000865   98.42369  248.75157  105.10900   90.28459   90.18544 
    1680.00000000    1171.50677137     125.82053748   -7061.96626202 -2.605687852 -6.958489749 -0.556333225    7139.833084 0.002766   98.43361  248.83494   85.94475  179.72719  179.72568 
    1800.00000000   -1951.43708472   -6251.71945820   -2886.95472355 -2.024131483 -2.475214272  6.741537478    7154.769873 0.000797   98.42472  248.92120   92.07178  243.86406  243.94602 
    1920.00000000   -2475.70722288   -4331.90569958    5117.31234924  1.235823539  5.322743371  5.091281211    7148.315426 0.001201   98.42856  248.99314  128.47800  277.89222  278.02851 
    2040.00000000     281.46097847    3353.51057102    6302.87900650  2.840647273  6.047222485 -3.337085992    7143.406287 0.000886   98.43147  249.08435   11.94117  104.96202  104.86387 
    2160.00000000    2650.33118860    6584.33434851    -908.29027134  0.675457235 -1.274044972 -7.323921567    7157.485953 0.001039   98.42311  249.15999  111.95354   75.41888   75.30368 
    2280.00000000    1501.17226597    1066.31132756   -6918.71472952 -2.361891904 -6.889669974 -1.574718619    7140.551036 0.002661   98.43318  249.24051   78.83044  178.83708  178.83087 
    2400.00000000   -1619.73468334   -5871.14051991   -3760.56587071 -2.264093975 -3.376316601  6.254622256    7152.674553 0.000933   98.42596  249.32906  109.66420  218.25567  218.32188 
    2520.00000000   -2581.04202505   -5020.05572531    4385.92329047  0.829668458  4.645048038  5.789262667    7150.833824 0.001330   98.42706  249.40030  113.33229  285.00234  285.14948 
    2640.00000000    -119.22080628    2510.90620488    6687.45615459  2.807575712  6.496549689 -2.384136661    7141.593749 0.000736   98.43255  249.49031  347.92238  120.94215  120.86979 
    2760.00000000    2486.23806726    6708.18210028      80.43349581  1.057274905 -0.294294027 -7.384689123    7157.785139 0.001219   98.42293  249.56851  111.05604   68.29278   68.16301 
    2880.00000000    1788.42334580    1990.50530957   -6640.59337725 -2.074169091 -6.683381288 -2.562777776    7141.903593 0.002462   98.43237  249.64625   72.08516  177.57739  177.56544 
28129 xx
       0.00000000   21707.46412351  -15318.61752390       0.13551152  1.304029214  1.816904974  3.161919976
     120.00000000   18616.75971861    3166.15177043   18833.41523210 -2.076122016  2.838457575  1.586210535   26559.633282 0.004641   54.72719  324.78767  265.86305  154.01410  153.78037 
     240.00000000   -3006.50596328   18522.20742011   18941.84078154 -3.375452789  1.032680773 -1.559324534   26559.602645 0.004638   54.72725  324.78155  266.56283  212.95811  213.24809 
     360.00000000  -21607.02086957   15432.59962630     206.62470309 -1.306049851 -1.817011568 -3.163725018   26562.111915 0.004629   54.72925  324.77940  265.55115  273.90274  274.43185 
     480.00000000  -18453.06134549   -3150.83256134  -18685.83030936  2.106017925 -2.860236337 -1.586151870   26559.626390 0.004612   54.72744  324.77734  266.54587  333.37318  333.60930 
     600.00000000    3425.11742384  -18514.73232706  -18588.67200557  3.394666340 -1.003072030  1.610061295   26559.654824 0.004616   54.72755  324.77120  265.85559   34.76785   34.46704 
     720.00000000   21858.23838149  -15101.51661554     387.34517048  1.247973967  1.856017403  3.161439948   26562.109617 0.004621   54.72951  324.76918  266.86630   94.15681   93.62853 
     840.00000000   18360.69935796    3506.55256762   19024.81678979 -2.122684184  2.830618605  1.537510677   26559.583228 0.004642   54.72767  324.76702  265.87836  155.01389  154.78849 
     960.00000000   -3412.84765409   18646.85269710   18748.00359987 -3.366815728  0.986039922 -1.607874972   26559.653144 0.004635   54.72781  324.76092  266.57424  213.96245  214.26006 
    1080.00000000  -21758.08331586   15215.44829478    -180.82181406 -1.250144680 -1.856490448 -3.163774870   26562.112373 0.004630   54.72977  324.75889  265.56856  274.90938  275.43787 
    1200.00000000  -18193.41290284   -3493.85876912  -18877.14757717  2.153326942 -2.852221264 -1.536617760   26559.574697 0.004609   54.72793  324.75676  266.56286  334.38799  334.61559 
    1320.00000000    3833.57386848  -18635.77026711  -18388.68722886  3.384748179 -0.955363841  1.658785020   26559.708050 0.004618   54.72812  324.75065  265.87768   35.77670   35.46819 
    1440.00000000   22002.20074562  -14879.72595593     774.32827099  1.191573619  1.894561165  3.159953047   26562.106110 0.004619   54.73003  324.74874  266.87869   95.16672   94.63942 
28350 xx
       0.00000000    6333.08123128   -1580.82852326      90.69355720  0.714634423  3.224246550  7.083128132
     120.00000000   -3990.93845855    3052.98341907    4155.32700629 -5.909006188 -0.876307966 -5.039131404    6514.538854 0.001093   64.99789  345.26944  280.14105  215.17636  215.24856 
     240.00000000    -603.55232010   -2685.13474569   -5891.70274282  7.572519907 -1.975656726  0.121722605    6499.017084 0.000674   64.98059  344.96167  121.33401  149.66887  149.62984 
     360.00000000    4788.22345627     782.56169214    4335.14284621 -4.954509026  3.683346464  4.804645839    6499.565172 0.001074   64.99631  344.65400  214.63546  192.68809  192.71515 
     480.00000000   -6291.84601644    1547.82790772    -453.67116498 -0.308625588 -3.341538574 -7.082659115    6501.408771 0.000998   65.01469  344.30961  204.11311  340.30633  340.34484 
     600.00000000    4480.74573428   -3028.55200374   -3586.94343641  5.320920857  1.199736275  5.626350481    6488.189162 0.000573   65.00211  343.95864  209.48071  112.94083  112.88038 
     720.00000000    -446.42460916    2932.28872588    5759.19389757 -7.561000245  1.550975493 -1.374970885    6471.217057 0.001069   64.98172  343.63887  286.01934  175.14526  175.13488 
     840.00000000   -3713.79581831   -1382.66125130   -5122.45131136  6.090931626 -3.512629733 -3.467571746    6467.483020 0.001376   64.98864  343.33023   59.77577  181.00872  181.01150 
     960.00000000    6058.32017522    -827.47406722    2104.04678651 -1.798403024  3.787067272  6.641439744    6471.020354 0.001295   65.01057  342.99339   78.03391  303.00397  303.12832 
    1080.00000000   -5631.73659006    2623.70953644    1766.49125084 -3.216401578 -2.309140959 -6.788609120    6464.584576 0.001504   65.01192  342.63489  106.24558   56.19293   56.04980 
    1200.00000000    2776.84991560   -3255.36941953   -4837.19667790  6.748135564 -0.193044825  4.005718698    6447.548400 0.001644   64.99132  342.29217  117.75387  186.50479  186.52616 
    1320.00000000    1148.04430837    2486.07343386    5826.34075913 -7.420162295  2.589456382  0.356350006    6435.177529 0.000413   64.98033  341.97488  253.65732  193.47192  193.48296 
    1440.00000000   -4527.90871828    -723.29199041   -4527.44608319  5.121674217 -3.909895427 -4.500218556    6434.780165 0.001425   64.99416  341.65351   60.40017  170.42959  170.40241 
28623 xx
       0.00000000  -11665.70902324   24943.61433357      25.80543633 -1.596228621 -1.476127961  1.126059754
     120.00000000  -11645.35454950     979.37668356    5517.89500058  3.407743502 -5.183094988 -0.492983277   17356.696409 0.625375   28.53335  114.91869  170.30110  253.05883  326.81174 
     240.00000000    5619.19252274   19651.44862280   -7261.38496765 -2.013634213  3.106842861  0.284235517   17356.647256 0.625206   28.53806  114.83270  170.44194  145.07203   80.69933 
     360.00000000   -9708.68629714   26306.14553149   -1204.29478856 -1.824164290 -0.931909596  1.113419052   17354.312531 0.624979   28.54525  114.78570  170.51013  184.33806  194.62716 
     480.00000000  -14394.03162892    6659.30765074    5593.38345858  1.556522911 -4.681657614  0.296912248   17349.406972 0.625102   28.53879  114.74400  170.58058  233.53994  308.58505 
     600.00000000    7712.09476270   15565.72627434   -7342.40465571 -1.646800364  4.070313571 -0.109483081   17346.122225 0.625001   28.53654  114.65582  170.72923  134.68734   62.56475 
     720.00000000   -7558.36739603   27035.11367962   -2385.12054184 -1.999583791 -0.393409283  1.078093515   17344.566296 0.624731   28.54585  114.60541  170.80625  178.98913  176.58319 
     840.00000000  -15495.61862220   11550.15897828    5053.83178121  0.469277336 -4.029761073  0.679054742   17340.577615 0.624804   28.54261  114.56467  170.86864  221.10120  290.64202 
     960.00000000    9167.02568222   10363.65204210   -6871.52576042 -0.881621027  5.223361510 -0.740696297   17334.799831 0.624783   28.53456  114.48188  171.01089  120.37397   44.71978 
    1080.00000000   -5275.80272094   27151.78486008   -3494.50687216 -2.129609388  0.150196480  1.021038089   17334.801999 0.624491   28.54619  114.42511  171.10198  173.69159  158.82686 
    1200.00000000  -15601.37656145   15641.29379850    4217.03266850 -0.249183123 -3.405238557  0.888214503   17331.232947 0.624507   28.54526  114.38403  171.16058  211.94214  272.98414 
    1320.00000000    9301.05872300    3883.15265574   -5477.86477017  0.871447821  6.493677331 -1.885545282   17321.849865 0.624520   28.53351  114.31465  171.28434   97.26218   27.16330 
    1440.00000000   -2914.31065828   26665.20392758   -4511.09814335 -2.216261909  0.710067769  0.940691824   17325.013511 0.624258   28.54628  114.24480  171.39713  168.29578  141.35832 
28626 xx
       0.00000000   42080.71852213   -2646.86387436       0.81851294  0.193105177  3.068688251  0.000438449
     120.00000000   37740.00085593   18802.76872802       3.45512584 -1.371035206  2.752105932  0.000336883   42166.283412 0.000052    0.00784  349.69000  357.12998   39.66336   39.65952 
     240.00000000   23232.82515008   35187.33981802       4.98927428 -2.565776620  1.694193132  0.000163365   42166.288808 0.000038    0.00743  350.74515   13.49638   52.32324   52.31979 
     360.00000000    2467.44290178   42093.60909959       5.15062987 -3.069341800  0.179976276 -0.000031739   42166.294205 0.000021    0.00702  351.81369   33.34452   61.48707   61.48492 
     480.00000000  -18962.59052991   37661.66243819       4.04433258 -2.746151982 -1.382675777 -0.000197633   42166.299602 0.000005    0.00662  352.89609   97.89015   25.93894   25.93869 
     600.00000000  -35285.00095313   23085.44402778       2.08711880 -1.683277908 -2.572893625 -0.000296282   42166.305000 0.000017    0.00621  353.99260  214.72054  298.09188  298.09358 
     720.00000000  -42103.20138132    2291.06228893      -0.13274964 -0.166974816 -3.070104560 -0.000311007   42166.310398 0.000034    0.00580  355.10258  236.95806  304.82466  304.82786 
     840.00000000  -37580.31858370  -19120.40485693      -2.02755702  1.394367848 -2.740341612 -0.000248591   42166.315797 0.000049    0.00539  356.22456  253.71804  317.02383  317.02767 
     960.00000000  -22934.20761876  -35381.23870806      -3.16495932  2.580167539 -1.672360951 -0.000134907   42166.321195 0.000061    0.00498  357.35709  269.21342  330.47808  330.48153 
    1080.00000000   -2109.90332389  -42110.71508198      -3.36507889  3.070935369 -0.153808390 -0.000005855   42166.326593 0.000069    0.00457  358.49948  284.24883  344.38336  344.38547 
    1200.00000000   19282.77774728  -37495.59250598      -2.71861462  2.734400524  1.406220933  0.000103486   42166.331991 0.000072    0.00417  359.65183  299.10513  358.45834  358.45856 
    1320.00000000   35480.60990600  -22779.03375285      -1.52841859  1.661210676  2.587414593  0.000168300   42166.337387 0.000070    0.00376    0.81421  313.93595   12.54882   12.54708 
    1440.00000000   42119.96263499   -1925.77567263      -0.19827433  0.140521206  3.071541613  0.000179561   42166.342783 0.000063    0.00336    1.98591  328.88602   26.51026   26.50704 
28872 xx
       0.00000000   -6131.82730456    2446.52815528    -253.64211033 -0.144920228  0.995100963  7.658645067
       5.00000000   -5799.24256134    2589.14811119    2011.54515100  2.325207364 -0.047125672  7.296234071    6532.137453 0.028891   96.46953  157.99929  243.05131  134.63959  132.24773 
      10.00000000   -4769.05061967    2420.46580562    4035.30855837  4.464585796 -1.060923209  6.070907874    6526.279047 0.029374   96.47228  158.00095  241.81947  155.49388  154.06922 
      15.00000000   -3175.45157340    1965.98738086    5582.12569607  6.049639376 -1.935777558  4.148607019    6519.463021 0.030321   96.47559  158.00479  241.88266  174.88628  174.56943 
      20.00000000   -1210.19024802    1281.54541294    6474.68172772  6.920746273 -2.580517337  1.748783868    6514.342076 0.030901   96.47802  158.01066  243.38338  192.80457  193.60745 
      25.00000000     896.73799533     447.12357305    6607.22400507  6.983396282 -2.925846168 -0.872655207    6512.867783 0.030568   96.47849  158.01759  245.19204  210.51179  212.32592 
      30.00000000    2896.99663534    -440.04738594    5954.92675486  6.211488246 -2.926949815 -3.433959806    6515.613675 0.029493   96.47675  158.02409  245.84680  229.59537  232.20607 
      35.00000000    4545.78970167   -1273.55952872    4580.16512984  4.656984233 -2.568711513 -5.638510954    6521.409740 0.028482   96.47351  158.02882  244.64823  250.86039  253.96510 
      40.00000000    5627.43299371   -1947.94282469    2634.16714930  2.464141047 -1.873985161 -7.195743032    6527.508145 0.028288   96.47026  158.03113  242.65945  273.31614  276.54788 
      45.00000000    5984.72318534   -2371.37691609     349.87996209 -0.121276950 -0.911981546 -7.859613894    6530.561465 0.028747   96.46863  158.03155  241.89562  294.97341  297.93230 
      50.00000000    5548.43325922   -2480.16469245   -1979.24314527 -2.763269534  0.199691915 -7.482796996    6528.359775 0.028906   96.46957  158.03163  242.90873  315.24956  317.54598 
29141 xx
       0.00000000     423.99295524   -6658.12256149     136.13040356  1.006373613  0.217309983  7.662587892
      20.00000000     931.80883587   -1017.17852239    6529.19244527 -0.298847918  7.613891977  1.226399480    6654.865318 0.002791   82.42352  273.47441  254.48116  186.27674  186.31178 
      40.00000000     -83.44906141    6286.20208453    2223.49837161 -1.113515974  2.530970283 -7.219445568    6667.415842 0.000967   82.43311  273.45347  258.96501  261.37922  261.48883 
      60.00000000    -958.57681221    3259.26005348   -5722.63732467 -0.101225813 -6.735338321 -3.804851872    6650.410410 0.001731   82.42598  273.44626  354.24787  245.91659  246.09773 
      80.00000000    -255.25619985   -5132.59762974   -4221.27233118  1.077709303 -4.905938824  5.892521264    6652.090901 0.000657   82.42981  273.42019  252.89009   67.29421   67.22482 
     100.00000000     867.44295097   -5038.40402933    4256.73810533  0.479447535  5.032326446  5.857126248    6646.451408 0.000942   82.42973  273.41562  212.21123  187.99057  188.00559 
     120.00000000     559.16882013    3376.30587937    5699.22017391 -0.906749328  6.646149867 -3.852331832    6633.879334 0.002145   82.42602  273.38941  288.18721  191.94666  191.99761 
     140.00000000    -669.85184205    6196.00229484   -2281.95741770 -0.795804092 -2.752114827 -7.202478520    6639.357504 0.001666   82.43307  273.38226  276.76251  283.53269  283.71824 
     160.00000000    -784.20708019   -1278.53125553   -6449.19892596  0.636702380 -7.595425203  1.431090802    6615.191481 0.000988   82.42356  273.36071   80.29187  200.41698  200.45648 
     180.00000000     406.15811659   -6607.03115799     148.33021477  1.009818575  0.231843765  7.692047844    6625.582027 0.000765   82.43444  273.34723  331.86582   29.42912   29.38606 
     200.00000000     916.34911813    -884.08649248    6491.09810362 -0.302163049  7.669887109  1.084336909    6596.790119 0.002757   82.42336  273.33273  254.08400  187.78250  187.82536 
     220.00000000    -104.02490970    6304.31821405    1960.08739882 -1.108873823  2.259522809 -7.351147710    6603.492629 0.000956   82.43346  273.31198  246.48825  276.08635  276.19533 
     240.00000000    -944.61642849    2872.17248379   -5846.94103362 -0.051117686 -6.989747076 -3.413102600    6577.351972 0.001592   82.42534  273.30392    2.74930  240.89870  241.05816 
     260.00000000    -187.16569888   -5404.86163467   -3731.97057618  1.094696706 -4.412110995  6.326060952    6573.117905 0.000741   82.43077  273.27798  263.67056   61.37275   61.29823 
     280.00000000     884.59720467   -4465.74516163    4725.83632696  0.380656028  5.691554046  5.303910983    6553.920115 0.001256   82.42848  273.27324  213.20680  193.38901  193.42238 
     300.00000000     446.40767236    4086.66839620    5093.05596650 -0.982424447  6.072965199 -4.791630682    6535.083408 0.001617   82.42746  273.24577  291.10454  197.17620  197.23099 
     320.00000000    -752.24467495    5588.35473301   -3275.04092573 -0.661161370 -4.016290740 -6.676898026    6523.156005 0.001608   82.43163  273.24054  287.82672  282.61457  282.79434 
     340.00000000    -643.72872525   -2585.02528560   -5923.01306608  0.807922142 -7.171597814  3.041115058    6490.089088 0.000694   82.42474  273.21509  123.04342  170.02600  170.01222 
     360.00000000     584.40295819   -6202.35605817    1781.00536019  0.869250450  2.226927514  7.471676765    6481.802033 0.000374   82.43379  273.20643    7.33922    8.75906    8.75254 
     380.00000000     779.59211765    1100.73728301    6311.59529480 -0.599552305  7.721032522 -1.275153027    6437.513987 0.002600   82.42317  273.18521  272.09370  187.32066  187.35870 
     400.00000000    -403.03155588    6399.18000837    -364.12735875 -1.008861924 -0.516636615 -7.799812287    6427.955398 0.001476   82.43476  273.17168  235.91987  307.35902  307.49334 
     420.00000000    -852.93910071     192.65232023   -6322.47054784  0.396006194 -7.882964919 -0.289331517    6375.616078 0.001228   82.42276  273.15527   61.86993  205.98134  206.04304 
29238 xx
       0.00000000   -5566.59512819   -3789.75991159      67.60382245  2.873759367 -3.825340523  6.023253926
     120.00000000    4474.27915495   -1447.72286142    4619.83927235  4.712595822  5.668306153 -2.701606741    6722.581965 0.020856   51.54723  213.34037   94.41024   22.09717   21.21100 
     240.00000000    1922.17712474    5113.01138342   -4087.08470203 -6.490769651 -0.522350158 -3.896001154    6724.846490 0.020836   51.55602  212.95757   95.05514  134.84375  133.13210 
     360.00000000   -6157.93546882   -2094.70798790   -1941.63730960  0.149900661 -5.175192523  5.604262034    6729.866220 0.020524   51.57445  212.48491   94.57068  244.01470  246.14303 
     480.00000000    2482.64052411   -3268.45944555    5146.38006190  6.501814698  4.402848754 -0.350943511    6719.024402 0.020321   51.53923  212.07031   96.26464  356.94327  357.06558 
     600.00000000    4036.26455287    4827.43347201   -2507.99063955 -5.184409515  1.772280695 -5.331390168    6728.054020 0.020495   51.57078  211.66544   97.68668  110.51819  108.30689 
     720.00000000   -5776.81371622    -118.64155319   -3641.22052418 -2.539917207 -5.622701582  4.403125405    6724.826416 0.020547   51.56099  211.18821   97.21101  219.89295  221.42100 
     840.00000000      67.98699487   -4456.49213473    4863.71794283  7.183809420  2.418917791  2.015642495    6719.331152 0.020500   51.54373  210.80108   98.23126  332.07091  333.15639 
     960.00000000    5520.62207038    3782.38203554    -596.73193161 -3.027966069  3.754152525 -6.013506363    6729.584553 0.020759   51.57938  210.36070   99.82666   86.68265   84.31013 
    1080.00000000   -4528.05104455    1808.46273329   -4816.99727762 -4.808419763 -5.185789345  2.642104494    6719.740801 0.020987   51.54703  209.90441   98.71268  197.46387  198.19658 
    1200.00000000   -2356.61468078   -4852.51202272    3856.53816184  6.688446735  0.118520958  4.021854210    6722.415136 0.020953   51.55740  209.52106   98.53304  309.41414  311.25072 
    1320.00000000    6149.65800134    2173.59423261    1369.29488732 -0.345832777  5.109857861 -5.842951828    6727.922546 0.021119   51.57710  209.05199  100.14422   64.65237   62.48021 
    1440.00000000   -2629.55011449    3400.98040158   -5344.38217129 -6.368548448 -3.998963509  0.577253064    6716.501913 0.021224   51.53949  208.63001   98.79212  176.88469  176.75039 
88888 xx
       0.00000000    2328.96975262   -5995.22051338    1719.97297192  2.912073281 -0.983417956 -7.090816210
     120.00000000    1020.69234558    2286.56260634   -6191.55565927 -3.746543902  6.467532721  1.827985678    6626.014153 0.010521   72.83280  115.75005   63.53600  220.46695  221.25411 
     240.00000000   -3226.54349155    3503.70977525    4532.80979343  1.000992116 -5.788042888  5.162585826    6633.574667 0.009052   72.84300  115.55580   59.75875  346.41877  346.66076 
     360.00000000    2456.10706533   -6071.93855503    1222.89768554  2.679390040 -0.448290811 -7.228792155    6642.309435 0.009521   72.85473  115.32544   59.25708  109.66935  108.63950 
     480.00000000     787.16457349    2719.91800946   -6043.86662024 -3.759883839  6.277439314  2.397897864    6626.664995 0.010283   72.83384  115.10965   63.33971  225.26049  226.10203 
     600.00000000   -3110.97648029    3121.73026235    4878.15217035  1.244916056 -6.124880425  4.700576353    6631.939140 0.008796   72.84100  114.91683   59.02714  351.92169  352.06242 
     720.00000000    2567.56229695   -6112.50383922     713.96374435  2.440245751  0.098109002 -7.319959258    6642.621282 0.009371   72.85532  114.68868   58.81983  114.74672  113.76867 
     840.00000000     556.05661780    3144.52288201   -5855.34636178 -3.754660143  6.044752775  2.957941672    6627.511387 0.010031   72.83515  114.46939   62.85708  230.38377  231.27354 
     960.00000000   -2982.47940539    2712.61663711    5192.32330472  1.475566773 -6.427737014  4.202420227    6630.345581 0.008548   72.83905  114.27748   57.92931  357.82836  357.86524 
    1080.00000000    2663.08964352   -6115.48290885     196.40072866  2.196121564  0.652415093 -7.362824152    6642.702795 0.009229   72.85560  114.05197   58.09309  120.14189  119.22416 
    1200.00000000     328.54999674    3557.09490552   -5626.21427211 -3.731193288  5.769341172  3.504058731    6628.534300 0.009780   72.83669  113.82932   62.05682  235.86868  236.80012 
    1320.00000000   -2842.06876757    2278.42343492    5472.33437150  1.691852635 -6.693216335  3.671022712    6628.838387 0.008322   72.83722  113.63775   56.45065    4.15248    4.08385 
    1440.00000000    2742.55398832   -6079.67009123    -326.39012649  1.948497651  1.211072678 -7.356193131    6642.545325 0.009108   72.85556  113.41525   57.08478  125.84725  124.99782 
